------Start of DE processing------ = [7/17/24, 19:37:18:339 UTC]
Exception = javax.resource.spi.IllegalStateException
Source = com.ibm.zosconnect.zosasset.ims.internal.ImsTranZosAsset
probeid = 228
Stack Dump = javax.resource.spi.IllegalStateException: ICO0010E: com.ibm.connector2.ims.ico.IMSConnection@a6b402ca.close() error. The method was invoked on an invalid IMSConnection instance.
	at com.ibm.connector2.ims.ico.IMSConnection.close(IMSConnection.java:264)
	at com.ibm.zosconnect.zosasset.ims.internal.ImsZosAsset.flowRequest(ImsZosAsset.java:305)
	at com.ibm.zosconnect.zosasset.ims.internal.ImsTranZosAsset.invoke(ImsTranZosAsset.java:90)
	at com.ibm.zosconnect.engine.impl.ProviderInvokeOperationImpl.invokeEndpoint(ProviderInvokeOperationImpl.java:384)
	at com.ibm.zosconnect.engine.impl.ProviderInvokeOperationImpl.processOperation(ProviderInvokeOperationImpl.java:151)
	at com.ibm.zosconnect.engine.impl.ProviderInvokeOperationImpl$Proxy$_$$_WeldClientProxy.processOperation(Unknown Source)
	at com.ibm.zosconnect.api.PhonebookApi.phonebookContactsLastNameGet(PhonebookApi.java:97)
	at com.ibm.zosconnect.api.PhonebookApi$Proxy$_$$_WeldSubclass.phonebookContactsLastNameGet$$super(Unknown Source)
	at java.base/jdk.internal.reflect.NativeMethodAccessorImpl.invoke0(Native Method)
	at java.base/jdk.internal.reflect.NativeMethodAccessorImpl.invoke(NativeMethodAccessorImpl.java:77)
	at java.base/jdk.internal.reflect.DelegatingMethodAccessorImpl.invoke(DelegatingMethodAccessorImpl.java:43)
	at java.base/java.lang.reflect.Method.invoke(Method.java:574)
	at org.jboss.weld.interceptor.proxy.TerminalAroundInvokeInvocationContext.proceedInternal(TerminalAroundInvokeInvocationContext.java:51)
	at org.jboss.weld.interceptor.proxy.AroundInvokeInvocationContext.proceed(AroundInvokeInvocationContext.java:78)
	at io.openliberty.microprofile.metrics.internal.cdi30.interceptors.SimplyTimedInterceptor.simplyTimedCallable(SimplyTimedInterceptor.java:101)
	at io.openliberty.microprofile.metrics.internal.cdi30.interceptors.SimplyTimedInterceptor.timedMethod(SimplyTimedInterceptor.java:74)
	at java.base/jdk.internal.reflect.NativeMethodAccessorImpl.invoke0(Native Method)
	at java.base/jdk.internal.reflect.NativeMethodAccessorImpl.invoke(NativeMethodAccessorImpl.java:77)
	at java.base/jdk.internal.reflect.DelegatingMethodAccessorImpl.invoke(DelegatingMethodAccessorImpl.java:43)
	at java.base/java.lang.reflect.Method.invoke(Method.java:574)
	at org.jboss.weld.interceptor.reader.SimpleInterceptorInvocation$SimpleMethodInvocation.invoke(SimpleInterceptorInvocation.java:73)
	at org.jboss.weld.interceptor.proxy.NonTerminalAroundInvokeInvocationContext.proceedInternal(NonTerminalAroundInvokeInvocationContext.java:66)
	at org.jboss.weld.interceptor.proxy.AroundInvokeInvocationContext.proceed(AroundInvokeInvocationContext.java:78)
	at io.openliberty.microprofile.metrics.internal.cdi30.interceptors.CountedInterceptor.countedCallable(CountedInterceptor.java:99)
	at io.openliberty.microprofile.metrics.internal.cdi30.interceptors.CountedInterceptor.countedMethod(CountedInterceptor.java:74)
	at java.base/jdk.internal.reflect.NativeMethodAccessorImpl.invoke0(Native Method)
	at java.base/jdk.internal.reflect.NativeMethodAccessorImpl.invoke(NativeMethodAccessorImpl.java:77)
	at java.base/jdk.internal.reflect.DelegatingMethodAccessorImpl.invoke(DelegatingMethodAccessorImpl.java:43)
	at java.base/java.lang.reflect.Method.invoke(Method.java:574)
	at org.jboss.weld.interceptor.reader.SimpleInterceptorInvocation$SimpleMethodInvocation.invoke(SimpleInterceptorInvocation.java:73)
	at org.jboss.weld.interceptor.proxy.InterceptorMethodHandler.executeAroundInvoke(InterceptorMethodHandler.java:84)
	at org.jboss.weld.interceptor.proxy.InterceptorMethodHandler.executeInterception(InterceptorMethodHandler.java:72)
	at org.jboss.weld.interceptor.proxy.InterceptorMethodHandler.invoke(InterceptorMethodHandler.java:56)
	at org.jboss.weld.bean.proxy.CombinedInterceptorAndDecoratorStackMethodHandler.invoke(CombinedInterceptorAndDecoratorStackMethodHandler.java:79)
	at org.jboss.weld.bean.proxy.CombinedInterceptorAndDecoratorStackMethodHandler.invoke(CombinedInterceptorAndDecoratorStackMethodHandler.java:68)
	at com.ibm.zosconnect.api.PhonebookApi$Proxy$_$$_WeldSubclass.phonebookContactsLastNameGet(Unknown Source)
	at com.ibm.zosconnect.api.PhonebookApi$Proxy$_$$_WeldClientProxy.phonebookContactsLastNameGet(Unknown Source)
	at java.base/jdk.internal.reflect.NativeMethodAccessorImpl.invoke0(Native Method)
	at java.base/jdk.internal.reflect.NativeMethodAccessorImpl.invoke(NativeMethodAccessorImpl.java:77)
	at java.base/jdk.internal.reflect.DelegatingMethodAccessorImpl.invoke(DelegatingMethodAccessorImpl.java:43)
	at java.base/java.lang.reflect.Method.invoke(Method.java:574)
	at com.ibm.ws.jaxrs20.cdi.component.JaxRsFactoryImplicitBeanCDICustomizer.serviceInvoke(JaxRsFactoryImplicitBeanCDICustomizer.java:352)
	at com.ibm.ws.jaxrs20.server.LibertyJaxRsServerFactoryBean.performInvocation(LibertyJaxRsServerFactoryBean.java:642)
	at com.ibm.ws.jaxrs20.server.LibertyJaxRsInvoker.performInvocation(LibertyJaxRsInvoker.java:161)
	at org.apache.cxf.service.invoker.AbstractInvoker.invoke(AbstractInvoker.java:101)
	at com.ibm.ws.jaxrs20.server.LibertyJaxRsInvoker.invoke(LibertyJaxRsInvoker.java:276)
	at org.apache.cxf.jaxrs.JAXRSInvoker.invoke(JAXRSInvoker.java:213)
	at com.ibm.ws.jaxrs20.server.LibertyJaxRsInvoker.invoke(LibertyJaxRsInvoker.java:460)
	at org.apache.cxf.jaxrs.JAXRSInvoker.invoke(JAXRSInvoker.java:112)
	at org.apache.cxf.interceptor.ServiceInvokerInterceptor$1.run(ServiceInvokerInterceptor.java:69)
	at org.apache.cxf.interceptor.ServiceInvokerInterceptor.handleMessage(ServiceInvokerInterceptor.java:120)
	at org.apache.cxf.phase.PhaseInterceptorChain.doIntercept(PhaseInterceptorChain.java:325)
	at org.apache.cxf.transport.ChainInitiationObserver.onMessage(ChainInitiationObserver.java:129)
	at org.apache.cxf.transport.http.AbstractHTTPDestination.invoke(AbstractHTTPDestination.java:278)
	at com.ibm.ws.jaxrs20.endpoint.AbstractJaxRsWebEndpoint.invoke(AbstractJaxRsWebEndpoint.java:139)
	at com.ibm.websphere.jaxrs.server.IBMRestServlet.handleRequest(IBMRestServlet.java:148)
	at com.ibm.websphere.jaxrs.server.IBMRestServlet.doGet(IBMRestServlet.java:114)
	at javax.servlet.http.HttpServlet.service(HttpServlet.java:686)
	at com.ibm.websphere.jaxrs.server.IBMRestServlet.service(IBMRestServlet.java:98)
	at com.ibm.ws.webcontainer.servlet.ServletWrapper.service(ServletWrapper.java:1260)
	at com.ibm.ws.webcontainer.servlet.ServletWrapper.handleRequest(ServletWrapper.java:748)
	at com.ibm.ws.webcontainer.servlet.ServletWrapper.handleRequest(ServletWrapper.java:445)
	at com.ibm.ws.webcontainer.filter.WebAppFilterChain.invokeTarget(WebAppFilterChain.java:197)
	at com.ibm.ws.webcontainer.filter.WebAppFilterChain.doFilter(WebAppFilterChain.java:100)
	at com.ibm.zosconnect.provider.ApiFilter.doFilter(ApiFilter.java:44)
	at com.ibm.ws.webcontainer.filter.FilterInstanceWrapper.doFilter(FilterInstanceWrapper.java:203)
	at com.ibm.ws.webcontainer.filter.WebAppFilterChain.doFilter(WebAppFilterChain.java:93)
	at com.ibm.ws.webcontainer.filter.WebAppFilterManager.doFilter(WebAppFilterManager.java:1068)
	at com.ibm.ws.webcontainer.filter.WebAppFilterManager.invokeFilters(WebAppFilterManager.java:1259)
	at com.ibm.ws.webcontainer.webapp.WebApp.handleRequest(WebApp.java:5095)
	at com.ibm.ws.webcontainer.osgi.DynamicVirtualHost$2.handleRequest(DynamicVirtualHost.java:328)
	at com.ibm.ws.webcontainer.WebContainer.handleRequest(WebContainer.java:1038)
	at com.ibm.ws.webcontainer.osgi.DynamicVirtualHost$2.run(DynamicVirtualHost.java:293)
	at com.ibm.ws.http.dispatcher.internal.channel.HttpDispatcherLink$TaskWrapper.run(HttpDispatcherLink.java:1260)
	at com.ibm.ws.http.dispatcher.internal.channel.HttpDispatcherLink.wrapHandlerAndExecute(HttpDispatcherLink.java:476)
	at com.ibm.ws.http.dispatcher.internal.channel.HttpDispatcherLink.ready(HttpDispatcherLink.java:435)
	at com.ibm.ws.http.channel.internal.inbound.HttpInboundLink.handleDiscrimination(HttpInboundLink.java:569)
	at com.ibm.ws.http.channel.internal.inbound.HttpInboundLink.handleNewRequest(HttpInboundLink.java:503)
	at com.ibm.ws.http.channel.internal.inbound.HttpInboundLink.processRequest(HttpInboundLink.java:363)
	at com.ibm.ws.http.channel.internal.inbound.HttpICLReadCallback.complete(HttpICLReadCallback.java:72)
	at com.ibm.ws.tcpchannel.internal.WorkQueueManager.requestComplete(WorkQueueManager.java:516)
	at com.ibm.ws.tcpchannel.internal.WorkQueueManager.attemptIO(WorkQueueManager.java:586)
	at com.ibm.ws.tcpchannel.internal.WorkQueueManager.workerRun(WorkQueueManager.java:970)
	at com.ibm.ws.tcpchannel.internal.WorkQueueManager$Worker.run(WorkQueueManager.java:1059)
	at com.ibm.ws.threading.internal.ExecutorServiceImpl$RunnableWrapper.run(ExecutorServiceImpl.java:280)
	at java.base/java.util.concurrent.ThreadPoolExecutor.runWorker(ThreadPoolExecutor.java:1136)
	at java.base/java.util.concurrent.ThreadPoolExecutor$Worker.run(ThreadPoolExecutor.java:635)
	at java.base/java.lang.Thread.run(Thread.java:857)

Dump of callerThis
Object type = com.ibm.zosconnect.zosasset.ims.internal.ImsTranZosAsset
  copyright_notice = "
IBM Confidential. PID 5655-CE5. Copyright IBM Corp. 2021, 2023
"
  tc = class com.ibm.websphere.ras.TraceComponent@7ac957ea
    strings[0] = "TraceComponent[com.ibm.zosconnect.zosasset.ims.internal.ImsTranZosAsset,class com.ibm.zosconnect.zosasset.ims.internal.ImsTranZosAsset,[zosConnectIms],com.ibm.zosconnect.zosasset.ims.internal.resources.ImsMessages,null]"
  REQUEST_DAI_FILENAME = "request.dai"
  RESPONSE_DAI_FILENAME = "response.dai"
  JSON_MSG_WRAPPER = "message"
  isLDS = false
  requestMessage = class com.ibm.zosconnect.wv.metadata.transaction.Message@78bfde9a
    message = class com.ibm.zosconnect.wv.metadata.transaction.MessageType@16045bd1
      remarks = null
      segment = class java.util.ArrayList@144635e0
      id = class java.math.BigInteger@8c24fa53
      name = null
      messageVersion = null
    transactionCode = null
    messageName = null
    direction = class java.math.BigInteger@c8846ba3
      signum = "/* Could not access signum */"
      mag = "/* Could not access mag */"
      bitCountPlusOne = "/* Could not access bitCountPlusOne */"
      bitLengthPlusOne = "/* Could not access bitLengthPlusOne */"
      lowestSetBitPlusTwo = "/* Could not access lowestSetBitPlusTwo */"
      firstNonzeroIntNumPlusTwo = "/* Could not access firstNonzeroIntNumPlusTwo */"
      LONG_MASK = "/* Could not access LONG_MASK */"
      MAX_MAG_LENGTH = "/* Could not access MAX_MAG_LENGTH */"
      PRIME_SEARCH_BIT_LENGTH_LIMIT = "/* Could not access PRIME_SEARCH_BIT_LENGTH_LIMIT */"
      KARATSUBA_THRESHOLD = "/* Could not access KARATSUBA_THRESHOLD */"
      TOOM_COOK_THRESHOLD = "/* Could not access TOOM_COOK_THRESHOLD */"
      KARATSUBA_SQUARE_THRESHOLD = "/* Could not access KARATSUBA_SQUARE_THRESHOLD */"
      TOOM_COOK_SQUARE_THRESHOLD = "/* Could not access TOOM_COOK_SQUARE_THRESHOLD */"
      BURNIKEL_ZIEGLER_THRESHOLD = "/* Could not access BURNIKEL_ZIEGLER_THRESHOLD */"
      BURNIKEL_ZIEGLER_OFFSET = "/* Could not access BURNIKEL_ZIEGLER_OFFSET */"
      SCHOENHAGE_BASE_CONVERSION_THRESHOLD = "/* Could not access SCHOENHAGE_BASE_CONVERSION_THRESHOLD */"
      MULTIPLY_SQUARE_THRESHOLD = "/* Could not access MULTIPLY_SQUARE_THRESHOLD */"
      MONTGOMERY_INTRINSIC_THRESHOLD = "/* Could not access MONTGOMERY_INTRINSIC_THRESHOLD */"
      bitsPerDigit = "/* Could not access bitsPerDigit */"
      SMALL_PRIME_THRESHOLD = "/* Could not access SMALL_PRIME_THRESHOLD */"
      DEFAULT_PRIME_CERTAINTY = "/* Could not access DEFAULT_PRIME_CERTAINTY */"
      SMALL_PRIME_PRODUCT = "/* Could not access SMALL_PRIME_PRODUCT */"
      MAX_CONSTANT = "/* Could not access MAX_CONSTANT */"
      posConst = "/* Could not access posConst */"
      negConst = "/* Could not access negConst */"
      powerCache = "/* Could not access powerCache */"
      logCache = "/* Could not access logCache */"
      LOG_TWO = "/* Could not access LOG_TWO */"
      ZERO = class java.math.BigInteger@745fce25
      ONE = class java.math.BigInteger@62fa1c78
      TWO = class java.math.BigInteger@a6cba12
      NEGATIVE_ONE = "/* Could not access NEGATIVE_ONE */"
      TEN = class java.math.BigInteger@6865aff1
      bnExpModThreshTable = "/* Could not access bnExpModThreshTable */"
      NUM_ZEROS = "/* Could not access NUM_ZEROS */"
      ZEROS = "/* Could not access ZEROS */"
      digitsPerLong = "/* Could not access digitsPerLong */"
      longRadix = "/* Could not access longRadix */"
      digitsPerInt = "/* Could not access digitsPerInt */"
      intRadix = "/* Could not access intRadix */"
      serialVersionUID = "/* Could not access serialVersionUID */"
      serialPersistentFields = "/* Could not access serialPersistentFields */"
      $assertionsDisabled = "/* Could not access $assertionsDisabled */"
      serialVersionUID = "/* Could not access serialVersionUID */"
    messageVersion = null
    version = null
    modifiedBy = null
    modifiedTime = null
    serviceType = null
  responseMessage = class com.ibm.zosconnect.wv.metadata.transaction.Message@d0c77d96
    message = class com.ibm.zosconnect.wv.metadata.transaction.MessageType@e9ad846
      remarks = null
      segment = class java.util.ArrayList@5e846ddc
      id = class java.math.BigInteger@6ffc4dd6
      name = null
      messageVersion = null
    transactionCode = null
    messageName = null
    direction = class java.math.BigInteger@2677fddf
      signum = "/* Could not access signum */"
      mag = "/* Could not access mag */"
      bitCountPlusOne = "/* Could not access bitCountPlusOne */"
      bitLengthPlusOne = "/* Could not access bitLengthPlusOne */"
      lowestSetBitPlusTwo = "/* Could not access lowestSetBitPlusTwo */"
      firstNonzeroIntNumPlusTwo = "/* Could not access firstNonzeroIntNumPlusTwo */"
      LONG_MASK = "/* Could not access LONG_MASK */"
      MAX_MAG_LENGTH = "/* Could not access MAX_MAG_LENGTH */"
      PRIME_SEARCH_BIT_LENGTH_LIMIT = "/* Could not access PRIME_SEARCH_BIT_LENGTH_LIMIT */"
      KARATSUBA_THRESHOLD = "/* Could not access KARATSUBA_THRESHOLD */"
      TOOM_COOK_THRESHOLD = "/* Could not access TOOM_COOK_THRESHOLD */"
      KARATSUBA_SQUARE_THRESHOLD = "/* Could not access KARATSUBA_SQUARE_THRESHOLD */"
      TOOM_COOK_SQUARE_THRESHOLD = "/* Could not access TOOM_COOK_SQUARE_THRESHOLD */"
      BURNIKEL_ZIEGLER_THRESHOLD = "/* Could not access BURNIKEL_ZIEGLER_THRESHOLD */"
      BURNIKEL_ZIEGLER_OFFSET = "/* Could not access BURNIKEL_ZIEGLER_OFFSET */"
      SCHOENHAGE_BASE_CONVERSION_THRESHOLD = "/* Could not access SCHOENHAGE_BASE_CONVERSION_THRESHOLD */"
      MULTIPLY_SQUARE_THRESHOLD = "/* Could not access MULTIPLY_SQUARE_THRESHOLD */"
      MONTGOMERY_INTRINSIC_THRESHOLD = "/* Could not access MONTGOMERY_INTRINSIC_THRESHOLD */"
      bitsPerDigit = "/* Could not access bitsPerDigit */"
      SMALL_PRIME_THRESHOLD = "/* Could not access SMALL_PRIME_THRESHOLD */"
      DEFAULT_PRIME_CERTAINTY = "/* Could not access DEFAULT_PRIME_CERTAINTY */"
      SMALL_PRIME_PRODUCT = "/* Could not access SMALL_PRIME_PRODUCT */"
      MAX_CONSTANT = "/* Could not access MAX_CONSTANT */"
      posConst = "/* Could not access posConst */"
      negConst = "/* Could not access negConst */"
      powerCache = "/* Could not access powerCache */"
      logCache = "/* Could not access logCache */"
      LOG_TWO = "/* Could not access LOG_TWO */"
      ZERO = class java.math.BigInteger@745fce25
      ONE = class java.math.BigInteger@62fa1c78
      TWO = class java.math.BigInteger@a6cba12
      NEGATIVE_ONE = "/* Could not access NEGATIVE_ONE */"
      TEN = class java.math.BigInteger@6865aff1
      bnExpModThreshTable = "/* Could not access bnExpModThreshTable */"
      NUM_ZEROS = "/* Could not access NUM_ZEROS */"
      ZEROS = "/* Could not access ZEROS */"
      digitsPerLong = "/* Could not access digitsPerLong */"
      longRadix = "/* Could not access longRadix */"
      digitsPerInt = "/* Could not access digitsPerInt */"
      intRadix = "/* Could not access intRadix */"
      serialVersionUID = "/* Could not access serialVersionUID */"
      serialPersistentFields = "/* Could not access serialPersistentFields */"
      $assertionsDisabled = "/* Could not access $assertionsDisabled */"
      serialVersionUID = "/* Could not access serialVersionUID */"
    messageVersion = null
    version = null
    modifiedBy = null
    modifiedTime = null
    serviceType = null
  serialVersionUID = -7714360601516864326
  copyright_notice = "
IBM Confidential. PID 5655-CE5. Copyright IBM Corp. 2021, 2023
"
  tc = class com.ibm.websphere.ras.TraceComponent@1bb573a3
    strings[0] = "TraceComponent[com.ibm.zosconnect.zosasset.ims.internal.ImsZosAsset,class com.ibm.zosconnect.zosasset.ims.internal.ImsZosAsset,[zosConnectIms],com.ibm.zosconnect.zosasset.ims.internal.resources.ImsMessages,null]"
  PROVIDER_FILES_PATH = "/providerFiles/"
  name = "phonebook"
  description = ""
  version = 0.0
  type = "imsTransaction-1.0"
  language = "COBOL"
  connectionRef = "imsConn"
  trancode = "IVTNO"
  bidiConfigRef = null
  isLDS = false
  NAME = "name"
  DESCRIPTION = "description"
  VERSION = "version"
  LANGUAGE = "language"
  CONNECTION_REF = "connectionRef"
  TRANCODE = "transactionCode"
  objectMapper = class com.fasterxml.jackson.databind.ObjectMapper@96ca2d7
    serialVersionUID = 2
    DEFAULT_ANNOTATION_INTROSPECTOR = class com.fasterxml.jackson.databind.introspect.JacksonAnnotationIntrospector@f186832f
      serialVersionUID = 1
      ANNOTATIONS_TO_INFER_SER = class java.lang.Class[8]
      ANNOTATIONS_TO_INFER_DESER = class java.lang.Class[8]
      _java7Helper = class com.fasterxml.jackson.databind.ext.Java7SupportImpl@7bc9fe68
      _annotationsInside = class com.fasterxml.jackson.databind.util.LRUMap@35021cb3
      _cfgConstructorPropertiesImpliesCreator = true
    DEFAULT_BASE = class com.fasterxml.jackson.databind.cfg.BaseSettings@d5856a70
      serialVersionUID = 1
      DEFAULT_TIMEZONE = class sun.util.calendar.ZoneInfo@514cc9ae
      _typeFactory = class com.fasterxml.jackson.databind.type.TypeFactory@511cf0bf
      _classIntrospector = null
      _annotationIntrospector = class com.fasterxml.jackson.databind.introspect.JacksonAnnotationIntrospector@f186832f
      _propertyNamingStrategy = null
      _accessorNaming = class com.fasterxml.jackson.databind.introspect.DefaultAccessorNamingStrategy$Provider@725ea6e7
      _typeResolverBuilder = null
      _typeValidator = class com.fasterxml.jackson.databind.jsontype.impl.LaissezFaireSubTypeValidator@346846cb
      _dateFormat = class com.fasterxml.jackson.databind.util.StdDateFormat@6d3464f4
      _handlerInstantiator = null
      _locale = class java.util.Locale@2a2c6b4a
      _timeZone = null
      _defaultBase64 = class com.fasterxml.jackson.core.Base64Variant@46f35994
      _cacheProvider = class com.fasterxml.jackson.databind.cfg.DefaultCacheProvider@c8bc37a5
    _jsonFactory = class com.fasterxml.jackson.databind.MappingJsonFactory@60d2eb94
      serialVersionUID = -1
      serialVersionUID = 2
      FORMAT_NAME_JSON = "JSON"
      DEFAULT_FACTORY_FEATURE_FLAGS = 31
      DEFAULT_PARSER_FEATURE_FLAGS = 1
      DEFAULT_GENERATOR_FEATURE_FLAGS = 2079
      DEFAULT_ROOT_VALUE_SEPARATOR = class com.fasterxml.jackson.core.io.SerializedString@85e3885f
      DEFAULT_QUOTE_CHAR = "
      _rootCharSymbols = class com.fasterxml.jackson.core.sym.CharsToNameCanonicalizer@a4e4f410
      _byteSymbolCanonicalizer = class com.fasterxml.jackson.core.sym.ByteQuadsCanonicalizer@ca1370f2
      _factoryFeatures = 31
      _parserFeatures = 1
      _generatorFeatures = 2079
      _recyclerPool = class com.fasterxml.jackson.core.util.JsonRecyclerPools$LockFreePool@60839c32
      _objectCodec = class com.fasterxml.jackson.databind.ObjectMapper@96ca2d7
      _characterEscapes = null
      _streamReadConstraints = class com.fasterxml.jackson.core.StreamReadConstraints@3ad2044
      _errorReportConfiguration = class com.fasterxml.jackson.core.ErrorReportConfiguration@e6557adf
      _streamWriteConstraints = class com.fasterxml.jackson.core.StreamWriteConstraints@c05ffce5
      _inputDecorator = null
      _outputDecorator = null
      _generatorDecorators = null
      _rootValueSeparator = class com.fasterxml.jackson.core.io.SerializedString@85e3885f
      _maximumNonEscapedChar = 0
      _quoteChar = "
      serialVersionUID = 2
    _typeFactory = class com.fasterxml.jackson.databind.type.TypeFactory@511cf0bf
      serialVersionUID = 1
      DEFAULT_MAX_CACHE_SIZE = 200
      NO_TYPES = class com.fasterxml.jackson.databind.JavaType[0]
      instance = class com.fasterxml.jackson.databind.type.TypeFactory@511cf0bf
      EMPTY_BINDINGS = class com.fasterxml.jackson.databind.type.TypeBindings@c4a5e198
      CLS_STRING = class java.lang.Class@531d8ea4
      CLS_OBJECT = class java.lang.Class@23fe635d
      CLS_COMPARABLE = class java.lang.Class@7a3f308d
      CLS_ENUM = class java.lang.Class@12e52fa3
      CLS_JSON_NODE = class java.lang.Class@32c66cd6
      CLS_BOOL = class java.lang.Class@4e97b9cd
      CLS_DOUBLE = class java.lang.Class@f954bb78
      CLS_INT = class java.lang.Class@477061cc
      CLS_LONG = class java.lang.Class@de75986e
      CORE_TYPE_BOOL = class com.fasterxml.jackson.databind.type.SimpleType@9ac460cd
      CORE_TYPE_DOUBLE = class com.fasterxml.jackson.databind.type.SimpleType@d7039c0e
      CORE_TYPE_INT = class com.fasterxml.jackson.databind.type.SimpleType@e58f8374
      CORE_TYPE_LONG = class com.fasterxml.jackson.databind.type.SimpleType@271b3629
      CORE_TYPE_STRING = class com.fasterxml.jackson.databind.type.SimpleType@e503b503
      CORE_TYPE_OBJECT = class com.fasterxml.jackson.databind.type.SimpleType@ad9750ea
      CORE_TYPE_COMPARABLE = class com.fasterxml.jackson.databind.type.SimpleType@a0aa9534
      CORE_TYPE_ENUM = class com.fasterxml.jackson.databind.type.SimpleType@c64331b5
      CORE_TYPE_JSON_NODE = class com.fasterxml.jackson.databind.type.SimpleType@f2a70e97
      _typeCache = class com.fasterxml.jackson.databind.util.LRUMap@a282afb7
      _modifiers = null
      _parser = class com.fasterxml.jackson.databind.type.TypeParser@82888ad9
      _classLoader = null
    _injectableValues = null
    _subtypeResolver = class com.fasterxml.jackson.databind.jsontype.impl.StdSubtypeResolver@c1dd42f9
      serialVersionUID = 1
      _registeredSubtypes = null
    _configOverrides = class com.fasterxml.jackson.databind.cfg.ConfigOverrides@700be2c6
      serialVersionUID = 1
      _overrides = null
      _defaultInclusion = class com.fasterxml.jackson.annotation.JsonInclude$Value@73d7115a
      _defaultSetterInfo = class com.fasterxml.jackson.annotation.JsonSetter$Value@1ea2869e
      _visibilityChecker = class com.fasterxml.jackson.databind.introspect.VisibilityChecker$Std@5d206203
      _defaultMergeable = null
      _defaultLeniency = null
    _coercionConfigs = class com.fasterxml.jackson.databind.cfg.CoercionConfigs@7e1e702b
      serialVersionUID = 1
      TARGET_TYPE_COUNT = 13
      _defaultAction = class com.fasterxml.jackson.databind.cfg.CoercionAction@7119b311
      _defaultCoercions = class com.fasterxml.jackson.databind.cfg.MutableCoercionConfig@ebfd98f4
      _perTypeCoercions = null
      _perClassCoercions = null
    _mixIns = class com.fasterxml.jackson.databind.introspect.SimpleMixInResolver@37b1d4ce
      serialVersionUID = 1
      _overrides = null
      _localMixIns = null
    _serializationConfig = class com.fasterxml.jackson.databind.SerializationConfig@94198549
      serialVersionUID = 1
      DEFAULT_PRETTY_PRINTER = class com.fasterxml.jackson.core.util.DefaultPrettyPrinter@cbaff537
      SER_FEATURE_DEFAULTS = 21771068
      _filterProvider = null
      _defaultPrettyPrinter = class com.fasterxml.jackson.core.util.DefaultPrettyPrinter@cbaff537
      _serFeatures = 21771068
      _generatorFeatures = 0
      _generatorFeaturesToChange = 0
      _formatWriteFeatures = 0
      _formatWriteFeaturesToChange = 0
      EMPTY_OVERRIDE = class com.fasterxml.jackson.databind.cfg.ConfigOverride$Empty@c2fa1781
      DEFAULT_MAPPER_FEATURES = 12351074043
      AUTO_DETECT_MASK = 248
      _mixIns = class com.fasterxml.jackson.databind.introspect.SimpleMixInResolver@37b1d4ce
      _subtypeResolver = class com.fasterxml.jackson.databind.jsontype.impl.StdSubtypeResolver@c1dd42f9
      _rootName = null
      _view = null
      _attributes = class com.fasterxml.jackson.databind.cfg.ContextAttributes$Impl@60d4cb8a
      _rootNames = class com.fasterxml.jackson.databind.util.RootNameLookup@ac084cee
      _configOverrides = class com.fasterxml.jackson.databind.cfg.ConfigOverrides@700be2c6
      _datatypeFeatures = class com.fasterxml.jackson.databind.cfg.DatatypeFeatures@84442109
      serialVersionUID = 2
      EMPTY_INCLUDE = class com.fasterxml.jackson.annotation.JsonInclude$Value@73d7115a
      EMPTY_FORMAT = class com.fasterxml.jackson.annotation.JsonFormat$Value@cc606afe
      _mapperFeatures = 12351074043
      _base = class com.fasterxml.jackson.databind.cfg.BaseSettings@19e3de45
    _serializerProvider = class com.fasterxml.jackson.databind.ser.DefaultSerializerProvider$Impl@8775b9d1
      serialVersionUID = 1
      serialVersionUID = 1
      _seenObjectIds = null
      _objectIdGenerators = null
      _generator = null
      CACHE_UNKNOWN_MAPPINGS = false
      DEFAULT_NULL_KEY_SERIALIZER = class com.fasterxml.jackson.databind.ser.impl.FailingSerializer@35f89e89
      DEFAULT_UNKNOWN_SERIALIZER = class com.fasterxml.jackson.databind.ser.impl.UnknownSerializer@785e70e2
      _config = null
      _serializationView = null
      _serializerFactory = null
      _serializerCache = class com.fasterxml.jackson.databind.ser.SerializerCache@8cb15af5
      _attributes = null
      _unknownTypeSerializer = class com.fasterxml.jackson.databind.ser.impl.UnknownSerializer@785e70e2
      _keySerializer = null
      _nullValueSerializer = class com.fasterxml.jackson.databind.ser.std.NullSerializer@2f61fee0
      _nullKeySerializer = class com.fasterxml.jackson.databind.ser.impl.FailingSerializer@35f89e89
      _knownSerializers = null
      _dateFormat = null
      _stdNullValueSerializer = true
      MAX_ERROR_STR_LEN = 500
    _serializerFactory = class com.fasterxml.jackson.databind.ser.BeanSerializerFactory@2065c42f
      serialVersionUID = 1
      instance = class com.fasterxml.jackson.databind.ser.BeanSerializerFactory@2065c42f
      _concrete = class java.util.HashMap@961b55fc
      _concreteLazy = class java.util.HashMap@7c4e98a7
      _factoryConfig = class com.fasterxml.jackson.databind.cfg.SerializerFactoryConfig@5e7b762a
    _deserializationConfig = class com.fasterxml.jackson.databind.DeserializationConfig@1720317
      serialVersionUID = 2
      DESER_FEATURE_DEFAULTS = 473998480
      _problemHandlers = null
      _nodeFactory = class com.fasterxml.jackson.databind.node.JsonNodeFactory@e6e23500
      _coercionConfigs = class com.fasterxml.jackson.databind.cfg.CoercionConfigs@7e1e702b
      _ctorDetector = null
      _deserFeatures = 473998480
      _parserFeatures = 0
      _parserFeaturesToChange = 0
      _formatReadFeatures = 0
      _formatReadFeaturesToChange = 0
      EMPTY_OVERRIDE = class com.fasterxml.jackson.databind.cfg.ConfigOverride$Empty@c2fa1781
      DEFAULT_MAPPER_FEATURES = 12351074043
      AUTO_DETECT_MASK = 248
      _mixIns = class com.fasterxml.jackson.databind.introspect.SimpleMixInResolver@37b1d4ce
      _subtypeResolver = class com.fasterxml.jackson.databind.jsontype.impl.StdSubtypeResolver@c1dd42f9
      _rootName = null
      _view = null
      _attributes = class com.fasterxml.jackson.databind.cfg.ContextAttributes$Impl@60d4cb8a
      _rootNames = class com.fasterxml.jackson.databind.util.RootNameLookup@ac084cee
      _configOverrides = class com.fasterxml.jackson.databind.cfg.ConfigOverrides@700be2c6
      _datatypeFeatures = class com.fasterxml.jackson.databind.cfg.DatatypeFeatures@84442109
      serialVersionUID = 2
      EMPTY_INCLUDE = class com.fasterxml.jackson.annotation.JsonInclude$Value@73d7115a
      EMPTY_FORMAT = class com.fasterxml.jackson.annotation.JsonFormat$Value@cc606afe
      _mapperFeatures = 12351074043
      _base = class com.fasterxml.jackson.databind.cfg.BaseSettings@19e3de45
    _deserializationContext = class com.fasterxml.jackson.databind.deser.DefaultDeserializationContext$Impl@7f3de7c7
      serialVersionUID = 1
      serialVersionUID = 1
      _objectIds = null
      _objectIdResolvers = null
      serialVersionUID = 1
      _cache = class com.fasterxml.jackson.databind.deser.DeserializerCache@b1c92fec
      _factory = class com.fasterxml.jackson.databind.deser.BeanDeserializerFactory@a89b95fc
      _config = null
      _featureFlags = 0
      _readCapabilities = null
      _view = null
      _parser = null
      _injectableValues = null
      _arrayBuilders = null
      _objectBuffer = null
      _dateFormat = null
      _attributes = null
      _currentType = null
      MAX_ERROR_STR_LEN = 500
    _registeredModuleTypes = null
    _rootDeserializers = class java.util.concurrent.ConcurrentHashMap@8f98cd93
      serialVersionUID = "/* Could not access serialVersionUID */"
      MAXIMUM_CAPACITY = "/* Could not access MAXIMUM_CAPACITY */"
      DEFAULT_CAPACITY = "/* Could not access DEFAULT_CAPACITY */"
      MAX_ARRAY_SIZE = "/* Could not access MAX_ARRAY_SIZE */"
      DEFAULT_CONCURRENCY_LEVEL = "/* Could not access DEFAULT_CONCURRENCY_LEVEL */"
      LOAD_FACTOR = "/* Could not access LOAD_FACTOR */"
      TREEIFY_THRESHOLD = "/* Could not access TREEIFY_THRESHOLD */"
      UNTREEIFY_THRESHOLD = "/* Could not access UNTREEIFY_THRESHOLD */"
      MIN_TREEIFY_CAPACITY = "/* Could not access MIN_TREEIFY_CAPACITY */"
      MIN_TRANSFER_STRIDE = "/* Could not access MIN_TRANSFER_STRIDE */"
      RESIZE_STAMP_BITS = "/* Could not access RESIZE_STAMP_BITS */"
      MAX_RESIZERS = "/* Could not access MAX_RESIZERS */"
      RESIZE_STAMP_SHIFT = "/* Could not access RESIZE_STAMP_SHIFT */"
      MOVED = "/* Could not access MOVED */"
      TREEBIN = "/* Could not access TREEBIN */"
      RESERVED = "/* Could not access RESERVED */"
      HASH_BITS = "/* Could not access HASH_BITS */"
      NCPU = "/* Could not access NCPU */"
      serialPersistentFields = "/* Could not access serialPersistentFields */"
      table = "/* Could not access table */"
      nextTable = "/* Could not access nextTable */"
      baseCount = "/* Could not access baseCount */"
      sizeCtl = "/* Could not access sizeCtl */"
      transferIndex = "/* Could not access transferIndex */"
      cellsBusy = "/* Could not access cellsBusy */"
      counterCells = "/* Could not access counterCells */"
      keySet = "/* Could not access keySet */"
      values = "/* Could not access values */"
      entrySet = "/* Could not access entrySet */"
      U = "/* Could not access U */"
      SIZECTL = "/* Could not access SIZECTL */"
      TRANSFERINDEX = "/* Could not access TRANSFERINDEX */"
      BASECOUNT = "/* Could not access BASECOUNT */"
      CELLSBUSY = "/* Could not access CELLSBUSY */"
      CELLVALUE = "/* Could not access CELLVALUE */"
      ABASE = "/* Could not access ABASE */"
      ASHIFT = "/* Could not access ASHIFT */"
      keySet = "/* Could not access keySet */"
      values = "/* Could not access values */"
  serialVersionUID = -5533490014128235709

