********************************************************************************
product = WebSphere Application Server 24.0.0.3, z/OS Connect 03.00.82 (wlp-1.0.87.cl240320240311-1901)
wlp.install.dir = /opt/ibm/wlp/
server.output.dir = /opt/ibm/wlp/output/defaultServer/
java.home = /opt/java/openjdk
java.version = 17.0.11
java.runtime = IBM Semeru Runtime Open Edition (17.0.11+9)
os = Linux (5.15.153.1-microsoft-standard-WSL2; amd64) (en_US)
process = 1@e38928a2ee41
Classpath = /opt/ibm/wlp/bin/tools/ws-server.jar
Java Library path = /opt/java/openjdk/lib/default:/opt/java/openjdk/lib:/usr/lib64:/usr/lib
********************************************************************************
[7/18/24, 15:46:12:362 UTC] 00000001 com.ibm.ws.kernel.launch.internal.FrameworkManager           A CWWKE0001I: The server defaultServer has been launched.
[7/18/24, 15:46:13:129 UTC] 0000002b com.ibm.ws.config.xml.internal.ServerXMLConfiguration        A CWWKG0093A: Processing configuration drop-ins resource: /opt/ibm/wlp/usr/servers/defaultServer/configDropins/defaults/keystore.xml
[7/18/24, 15:46:13:136 UTC] 0000002b com.ibm.ws.config.xml.internal.ServerXMLConfiguration        A CWWKG0093A: Processing configuration drop-ins resource: /opt/ibm/wlp/usr/servers/defaultServer/configDropins/overrides/http-ssl-endpoint.xml
[7/18/24, 15:46:13:138 UTC] 0000002b com.ibm.ws.config.xml.internal.ServerXMLConfiguration        A CWWKG0093A: Processing configuration drop-ins resource: /opt/ibm/wlp/usr/servers/defaultServer/configDropins/overrides/tls.xml
[7/18/24, 15:46:13:276 UTC] 00000001 com.ibm.ws.kernel.launch.internal.FrameworkManager           I CWWKE0002I: The kernel started after 1.167 seconds
[7/18/24, 15:46:13:463 UTC] 00000037 com.ibm.ws.kernel.feature.internal.FeatureManager            I CWWKF0007I: Feature update started.
[7/18/24, 15:46:15:706 UTC] 0000002a com.ibm.ws.security.ready.internal.SecurityReadyServiceImpl  I CWWKS0007I: The security service is starting...
[7/18/24, 15:46:15:772 UTC] 0000002e com.ibm.ws.app.manager.internal.monitor.DropinMonitor        A CWWKZ0058I: Monitoring dropins for applications.
[7/18/24, 15:46:15:986 UTC] 0000002c com.ibm.ws.cache.ServerCache                                 I DYNA1001I: WebSphere Dynamic Cache instance named baseCache initialized successfully.
[7/18/24, 15:46:15:988 UTC] 0000002c com.ibm.ws.cache.ServerCache                                 I DYNA1071I: The cache provider default is being used.
[7/18/24, 15:46:15:993 UTC] 0000002c com.ibm.ws.cache.CacheServiceImpl                            I DYNA1056I: Dynamic Cache (object cache) initialized successfully.
[7/18/24, 15:46:16:284 UTC] 00000050 com.ibm.ws.security.token.ltpa.internal.LTPAKeyCreateTask    I CWWKS4105I: LTPA configuration is ready after 0.014 seconds.
[7/18/24, 15:46:16:294 UTC] 0000002a ibm.ws.security.authentication.internal.jaas.JAASServiceImpl I CWWKS1123I: The collective authentication plugin with class name NullCollectiveAuthenticationPlugin has been activated. 
[7/18/24, 15:46:16:417 UTC] 00000033 com.ibm.ws.ssl.config.WSKeyStore                             I Successfully loaded default keystore: /opt/ibm/wlp/output/defaultServer/resources/security/key.p12 of type: PKCS12
[7/18/24, 15:46:16:781 UTC] 0000002a com.ibm.ws.session.WASSessionCore                            I SESN8501I: The session manager did not find a persistent storage location; HttpSession objects will be stored in the local application server's memory.
[7/18/24, 15:46:16:850 UTC] 0000002a com.ibm.ws.security.jwt.internal.ConsumerImpl                I CWWKS6012I: The JSON Web Token (JWT) consumer service is available.
[7/18/24, 15:46:16:859 UTC] 0000002a com.ibm.ws.security.jwt.web.JwtEndpointServices              I CWWKS6002I: The JSON Web Token (JWT) endpoint service is available.
[7/18/24, 15:46:17:382 UTC] 0000002a org.apache.aries.spifly.BaseActivator                        I Registered provider org.slf4j.simple.SimpleServiceProvider of service org.slf4j.spi.SLF4JServiceProvider in bundle slf4j.simple
[7/18/24, 15:46:17:427 UTC] 0000002a .microprofile.metrics.internal.monitor.MonitorMetricsHandler I CWPMI2003I: Monitoring metrics can be retrieved through mpMetrics.
[7/18/24, 15:46:17:515 UTC] 0000002a com.ibm.ws.security.audit.source.AuditServiceImpl            I CWWKS5850I: The audit service is starting.
[7/18/24, 15:46:17:525 UTC] 0000002a com.ibm.ws.security.audit.file.AuditFileHandler              I CWWKS5804I: The audit file handler service is starting.
[7/18/24, 15:46:17:529 UTC] 0000002a com.ibm.ws.security.audit.source.AuditServiceImpl            I CWWKS5851I: The audit service is ready.
[7/18/24, 15:46:17:536 UTC] 0000002a com.ibm.ws.security.audit.file.AuditFileHandler              I CWWKS5805I: The audit file handler service is ready.
[7/18/24, 15:46:17:875 UTC] 0000004e om.ibm.ws.app.manager.rar.internal.RARApplicationHandlerImpl I J2CA7018I: Installing resource adapter gmoa.
[7/18/24, 15:46:18:171 UTC] 00000044 com.ibm.ws.webcontainer.osgi.webapp.WebGroup                 I SRVE0169I: Loading Web Module: ibm/api.
[7/18/24, 15:46:18:171 UTC] 00000045 com.ibm.ws.webcontainer.osgi.webapp.WebGroup                 I SRVE0169I: Loading Web Module: PrivateMicroProfileMetrics.
[7/18/24, 15:46:18:174 UTC] 00000044 com.ibm.ws.webcontainer                                      I SRVE0250I: Web Module ibm/api has been bound to default_host.
[7/18/24, 15:46:18:171 UTC] 00000049 com.ibm.ws.webcontainer.osgi.webapp.WebGroup                 I SRVE0169I: Loading Web Module: OpenAPIUI.
[7/18/24, 15:46:18:175 UTC] 00000045 com.ibm.ws.webcontainer                                      I SRVE0250I: Web Module PrivateMicroProfileMetrics has been bound to default_host.
[7/18/24, 15:46:18:175 UTC] 00000049 com.ibm.ws.webcontainer                                      I SRVE0250I: Web Module OpenAPIUI has been bound to default_host.
[7/18/24, 15:46:18:171 UTC] 00000048 com.ibm.ws.webcontainer.osgi.webapp.WebGroup                 I SRVE0169I: Loading Web Module: com.ibm.ws.security.jwt.
[7/18/24, 15:46:18:171 UTC] 00000047 com.ibm.ws.webcontainer.osgi.webapp.WebGroup                 I SRVE0169I: Loading Web Module: health.
[7/18/24, 15:46:18:176 UTC] 00000048 com.ibm.ws.webcontainer                                      I SRVE0250I: Web Module com.ibm.ws.security.jwt has been bound to default_host.
[7/18/24, 15:46:18:176 UTC] 00000047 com.ibm.ws.webcontainer                                      I SRVE0250I: Web Module health has been bound to default_host.
[7/18/24, 15:46:18:171 UTC] 00000046 com.ibm.ws.webcontainer.osgi.webapp.WebGroup                 I SRVE0169I: Loading Web Module: MicroProfileOpenAPI.
[7/18/24, 15:46:18:177 UTC] 00000046 com.ibm.ws.webcontainer                                      I SRVE0250I: Web Module MicroProfileOpenAPI has been bound to default_host.
[7/18/24, 15:46:18:176 UTC] 00000044 com.ibm.ws.http.internal.VirtualHostImpl                     A CWWKT0016I: Web application available (default_host): http://e38928a2ee41:9080/ibm/api/
[7/18/24, 15:46:18:178 UTC] 00000046 com.ibm.ws.http.internal.VirtualHostImpl                     A CWWKT0016I: Web application available (default_host): http://e38928a2ee41:9080/openapi/
[7/18/24, 15:46:18:178 UTC] 00000047 com.ibm.ws.http.internal.VirtualHostImpl                     A CWWKT0016I: Web application available (default_host): http://e38928a2ee41:9080/health/
[7/18/24, 15:46:18:179 UTC] 00000049 com.ibm.ws.http.internal.VirtualHostImpl                     A CWWKT0016I: Web application available (default_host): http://e38928a2ee41:9080/openapi/ui/
[7/18/24, 15:46:18:179 UTC] 00000048 com.ibm.ws.http.internal.VirtualHostImpl                     A CWWKT0016I: Web application available (default_host): http://e38928a2ee41:9080/jwt/
[7/18/24, 15:46:18:180 UTC] 00000045 com.ibm.ws.http.internal.VirtualHostImpl                     A CWWKT0016I: Web application available (default_host): http://e38928a2ee41:9080/metrics/
[7/18/24, 15:46:18:378 UTC] 0000003b com.ibm.ws.session.WASSessionCore                            I SESN0176I: A new session context will be created for application key default_host/metrics
[7/18/24, 15:46:18:378 UTC] 00000039 com.ibm.ws.session.WASSessionCore                            I SESN0176I: A new session context will be created for application key default_host/jwt
[7/18/24, 15:46:18:378 UTC] 00000053 com.ibm.ws.session.WASSessionCore                            I SESN0176I: A new session context will be created for application key default_host/health
[7/18/24, 15:46:18:379 UTC] 00000050 com.ibm.ws.session.WASSessionCore                            I SESN0176I: A new session context will be created for application key default_host/openapi/ui
[7/18/24, 15:46:18:378 UTC] 00000038 com.ibm.ws.session.WASSessionCore                            I SESN0176I: A new session context will be created for application key default_host/ibm/api
[7/18/24, 15:46:18:378 UTC] 00000054 com.ibm.ws.session.WASSessionCore                            I SESN0176I: A new session context will be created for application key default_host/openapi
[7/18/24, 15:46:18:513 UTC] 0000003b com.ibm.ws.util                                              I SESN0172I: The session manager is using the Java default SecureRandom implementation for session ID generation.
[7/18/24, 15:46:18:528 UTC] 00000050 com.ibm.ws.util                                              I SESN0172I: The session manager is using the Java default SecureRandom implementation for session ID generation.
[7/18/24, 15:46:18:528 UTC] 00000039 com.ibm.ws.util                                              I SESN0172I: The session manager is using the Java default SecureRandom implementation for session ID generation.
[7/18/24, 15:46:18:529 UTC] 00000038 com.ibm.ws.util                                              I SESN0172I: The session manager is using the Java default SecureRandom implementation for session ID generation.
[7/18/24, 15:46:18:530 UTC] 00000053 com.ibm.ws.util                                              I SESN0172I: The session manager is using the Java default SecureRandom implementation for session ID generation.
[7/18/24, 15:46:18:531 UTC] 00000054 com.ibm.ws.util                                              I SESN0172I: The session manager is using the Java default SecureRandom implementation for session ID generation.
[7/18/24, 15:46:18:565 UTC] 00000050 com.ibm.ws.cache.CacheServiceImpl                            I DYNA1056I: Dynamic Cache (object cache) initialized successfully.
[7/18/24, 15:46:18:577 UTC] 0000004e org.jboss.weld.Version                                       I WELD-000900: 3.1.9 (Final)
[7/18/24, 15:46:18:840 UTC] 00000053 com.ibm.ws.webcontainer.servlet                              I SRVE0242I: [io.openliberty.microprofile.health.3.1.internal] [/health] [HealthCheckReadinessServlet]: Initialization successful.
[7/18/24, 15:46:18:841 UTC] 00000054 com.ibm.ws.webcontainer.servlet                              I SRVE0242I: [io.openliberty.microprofile.openapi.2.0.internal.servlet] [/openapi] [ApplicationServlet]: Initialization successful.
[7/18/24, 15:46:18:843 UTC] 00000053 com.ibm.ws.webcontainer.servlet                              I SRVE0242I: [io.openliberty.microprofile.health.3.1.internal] [/health] [HealthCheckServlet]: Initialization successful.
[7/18/24, 15:46:18:843 UTC] 0000003b com.ibm.ws.webcontainer.servlet                              I SRVE0242I: [io.openliberty.microprofile.metrics.internal.private] [/metrics] [PrivateMetricsRESTProxyServlet]: Initialization successful.
[7/18/24, 15:46:18:843 UTC] 00000053 com.ibm.ws.webcontainer.servlet                              I SRVE0242I: [io.openliberty.microprofile.health.3.1.internal] [/health] [HealthCheckStartupServlet]: Initialization successful.
[7/18/24, 15:46:18:844 UTC] 00000053 com.ibm.ws.webcontainer.servlet                              I SRVE0242I: [io.openliberty.microprofile.health.3.1.internal] [/health] [HealthCheckLivenessServlet]: Initialization successful.
[7/18/24, 15:46:18:883 UTC] 00000047 com.ibm.ws.webcontainer.osgi.mbeans.PluginGenerator          I SRVE9103I: A configuration file for a web server plugin was automatically generated for this server at /opt/ibm/wlp/output/defaultServer/logs/state/plugin-cfg.xml.
[7/18/24, 15:46:19:420 UTC] 0000004e org.hibernate.validator.internal.util.Version                I HV000001: Hibernate Validator 6.1.7.Final
[7/18/24, 15:46:19:580 UTC] 0000004e com.ibm.j2ca.RAIMSTM                                         I AFC Version : 7.0.0.4 IF02
[7/18/24, 15:46:19:585 UTC] 0000004e om.ibm.ws.app.manager.rar.internal.RARApplicationHandlerImpl A J2CA7001I: Resource adapter gmoa installed in 1.709 seconds.
[7/18/24, 15:46:19:590 UTC] 00000042 com.ibm.ws.app.manager.AppMessageHelper                      I CWWKZ0018I: Starting application zosconnect-ui.
[7/18/24, 15:46:19:590 UTC] 0000003f com.ibm.ws.app.manager.AppMessageHelper                      I CWWKZ0018I: Starting application zosconnect-ui-backend-ims.
[7/18/24, 15:46:19:590 UTC] 00000050 com.ibm.ws.app.manager.AppMessageHelper                      I CWWKZ0018I: Starting application zosconnect-ui-backend-db2.
[7/18/24, 15:46:19:591 UTC] 00000040 com.ibm.ws.app.manager.AppMessageHelper                      I CWWKZ0018I: Starting application zosconnect-ui-backend-cics.
[7/18/24, 15:46:19:590 UTC] 00000043 com.ibm.ws.app.manager.AppMessageHelper                      I CWWKZ0018I: Starting application zosconnect-ui-backend.
[7/18/24, 15:46:19:606 UTC] 00000050 bm.ws.app.manager.war.internal.WARDeployedAppInfoFactoryImpl I CWWKZ0133I: The zosconnect-ui-backend-db2 application at the /opt/ibm/zosconnect/lib/com.ibm.zosconnect.ui.backend.db2.war location is being expanded to the /opt/ibm/wlp/usr/servers/defaultServer/apps/expanded/zosconnect-ui-backend-db2.war directory.
[7/18/24, 15:46:19:606 UTC] 00000040 bm.ws.app.manager.war.internal.WARDeployedAppInfoFactoryImpl I CWWKZ0133I: The zosconnect-ui-backend-cics application at the /opt/ibm/zosconnect/lib/com.ibm.zosconnect.ui.backend.cics.war location is being expanded to the /opt/ibm/wlp/usr/servers/defaultServer/apps/expanded/zosconnect-ui-backend-cics.war directory.
[7/18/24, 15:46:19:606 UTC] 0000003f bm.ws.app.manager.war.internal.WARDeployedAppInfoFactoryImpl I CWWKZ0133I: The zosconnect-ui-backend-ims application at the /opt/ibm/zosconnect/lib/com.ibm.zosconnect.ui.backend.ims.war location is being expanded to the /opt/ibm/wlp/usr/servers/defaultServer/apps/expanded/zosconnect-ui-backend-ims.war directory.
[7/18/24, 15:46:19:606 UTC] 00000043 bm.ws.app.manager.war.internal.WARDeployedAppInfoFactoryImpl I CWWKZ0133I: The zosconnect-ui-backend application at the /opt/ibm/zosconnect/lib/com.ibm.zosconnect.ui.backend.war location is being expanded to the /opt/ibm/wlp/usr/servers/defaultServer/apps/expanded/zosconnect-ui-backend.war directory.
[7/18/24, 15:46:19:607 UTC] 00000042 bm.ws.app.manager.war.internal.WARDeployedAppInfoFactoryImpl I CWWKZ0133I: The zosconnect-ui application at the /opt/ibm/zosconnect/lib/com.ibm.zosconnect.ui.war location is being expanded to the /opt/ibm/wlp/usr/servers/defaultServer/apps/expanded/zosconnect-ui.war directory.
[7/18/24, 15:46:20:221 UTC] 00000042 com.ibm.ws.webcontainer.osgi.webapp.WebGroup                 I SRVE0169I: Loading Web Module: z/OS Connect Designer.
[7/18/24, 15:46:20:222 UTC] 00000042 com.ibm.ws.webcontainer                                      I SRVE0250I: Web Module z/OS Connect Designer has been bound to default_host.
[7/18/24, 15:46:20:222 UTC] 00000042 com.ibm.ws.http.internal.VirtualHostImpl                     A CWWKT0016I: Web application available (default_host): http://e38928a2ee41:9080/zosConnect/designer/
[7/18/24, 15:46:20:289 UTC] 00000049 com.ibm.ws.session.WASSessionCore                            I SESN0176I: A new session context will be created for application key default_host/zosConnect/designer
[7/18/24, 15:46:20:290 UTC] 00000049 com.ibm.ws.util                                              I SESN0172I: The session manager is using the Java default SecureRandom implementation for session ID generation.
[7/18/24, 15:46:20:300 UTC] 00000049 com.ibm.ws.app.manager.AppMessageHelper                      A CWWKZ0001I: Application zosconnect-ui started in 0.710 seconds.
[7/18/24, 15:46:20:330 UTC] 00000046 com.ibm.ws.webcontainer.osgi.mbeans.PluginGenerator          I SRVE9103I: A configuration file for a web server plugin was automatically generated for this server at /opt/ibm/wlp/output/defaultServer/logs/state/plugin-cfg.xml.
[7/18/24, 15:46:23:049 UTC] 00000050 com.ibm.ws.webcontainer.osgi.webapp.WebGroup                 I SRVE0169I: Loading Web Module: com.ibm.zosconnect.ui.backend.db2.
[7/18/24, 15:46:23:050 UTC] 00000050 com.ibm.ws.webcontainer                                      I SRVE0250I: Web Module com.ibm.zosconnect.ui.backend.db2 has been bound to default_host.
[7/18/24, 15:46:23:050 UTC] 00000050 com.ibm.ws.http.internal.VirtualHostImpl                     A CWWKT0016I: Web application available (default_host): http://e38928a2ee41:9080/zosConnect/designer/api/zosAssetProvider/db2-1.0/
[7/18/24, 15:46:23:053 UTC] 00000051 com.ibm.ws.session.WASSessionCore                            I SESN0176I: A new session context will be created for application key default_host/zosConnect/designer/api/zosAssetProvider/db2-1.0
[7/18/24, 15:46:23:053 UTC] 00000051 com.ibm.ws.util                                              I SESN0172I: The session manager is using the Java default SecureRandom implementation for session ID generation.
[7/18/24, 15:46:23:054 UTC] 00000040 com.ibm.ws.webcontainer.osgi.webapp.WebGroup                 I SRVE0169I: Loading Web Module: com.ibm.zosconnect.ui.backend.cics.
[7/18/24, 15:46:23:054 UTC] 00000040 com.ibm.ws.webcontainer                                      I SRVE0250I: Web Module com.ibm.zosconnect.ui.backend.cics has been bound to default_host.
[7/18/24, 15:46:23:055 UTC] 00000040 com.ibm.ws.http.internal.VirtualHostImpl                     A CWWKT0016I: Web application available (default_host): http://e38928a2ee41:9080/zosConnect/designer/api/zosAssetProvider/cics-1.0/
[7/18/24, 15:46:23:057 UTC] 0000003b com.ibm.ws.session.WASSessionCore                            I SESN0176I: A new session context will be created for application key default_host/zosConnect/designer/api/zosAssetProvider/cics-1.0
[7/18/24, 15:46:23:057 UTC] 0000003b com.ibm.ws.util                                              I SESN0172I: The session manager is using the Java default SecureRandom implementation for session ID generation.
[7/18/24, 15:46:23:058 UTC] 0000003f com.ibm.ws.webcontainer.osgi.webapp.WebGroup                 I SRVE0169I: Loading Web Module: com.ibm.zosconnect.ui.backend.ims.
[7/18/24, 15:46:23:059 UTC] 0000003f com.ibm.ws.webcontainer                                      I SRVE0250I: Web Module com.ibm.zosconnect.ui.backend.ims has been bound to default_host.
[7/18/24, 15:46:23:059 UTC] 0000003f com.ibm.ws.http.internal.VirtualHostImpl                     A CWWKT0016I: Web application available (default_host): http://e38928a2ee41:9080/zosConnect/designer/api/zosAssetProvider/ims-1.0/
[7/18/24, 15:46:23:061 UTC] 0000003e com.ibm.ws.session.WASSessionCore                            I SESN0176I: A new session context will be created for application key default_host/zosConnect/designer/api/zosAssetProvider/ims-1.0
[7/18/24, 15:46:23:061 UTC] 0000003e com.ibm.ws.util                                              I SESN0172I: The session manager is using the Java default SecureRandom implementation for session ID generation.
[7/18/24, 15:46:23:078 UTC] 0000003e com.ibm.ws.app.manager.AppMessageHelper                      A CWWKZ0001I: Application zosconnect-ui-backend-ims started in 3.488 seconds.
[7/18/24, 15:46:23:079 UTC] 00000051 com.ibm.ws.app.manager.AppMessageHelper                      A CWWKZ0001I: Application zosconnect-ui-backend-db2 started in 3.487 seconds.
[7/18/24, 15:46:23:078 UTC] 0000003b com.ibm.ws.app.manager.AppMessageHelper                      A CWWKZ0001I: Application zosconnect-ui-backend-cics started in 3.487 seconds.
[7/18/24, 15:46:23:093 UTC] 00000050 com.ibm.ws.webcontainer.osgi.mbeans.PluginGenerator          I SRVE9103I: A configuration file for a web server plugin was automatically generated for this server at /opt/ibm/wlp/output/defaultServer/logs/state/plugin-cfg.xml.
[7/18/24, 15:46:23:118 UTC] 00000047 com.ibm.ws.webcontainer.osgi.mbeans.PluginGenerator          I SRVE9103I: A configuration file for a web server plugin was automatically generated for this server at /opt/ibm/wlp/output/defaultServer/logs/state/plugin-cfg.xml.
[7/18/24, 15:46:24:524 UTC] 00000043 com.ibm.ws.webcontainer.osgi.webapp.WebGroup                 I SRVE0169I: Loading Web Module: com.ibm.zosconnect.ui.backend.
[7/18/24, 15:46:24:525 UTC] 00000043 com.ibm.ws.webcontainer                                      I SRVE0250I: Web Module com.ibm.zosconnect.ui.backend has been bound to default_host.
[7/18/24, 15:46:24:526 UTC] 00000043 com.ibm.ws.http.internal.VirtualHostImpl                     A CWWKT0016I: Web application available (default_host): http://e38928a2ee41:9080/zosConnect/designer/api/
[7/18/24, 15:46:24:527 UTC] 0000003c com.ibm.ws.session.WASSessionCore                            I SESN0176I: A new session context will be created for application key default_host/zosConnect/designer/api
[7/18/24, 15:46:24:527 UTC] 0000003c com.ibm.ws.util                                              I SESN0172I: The session manager is using the Java default SecureRandom implementation for session ID generation.
[7/18/24, 15:46:24:549 UTC] 00000043 com.ibm.ws.webcontainer.osgi.mbeans.PluginGenerator          I SRVE9103I: A configuration file for a web server plugin was automatically generated for this server at /opt/ibm/wlp/output/defaultServer/logs/state/plugin-cfg.xml.
[7/18/24, 15:46:24:566 UTC] 0000003c com.ibm.ws.app.manager.AppMessageHelper                      A CWWKZ0001I: Application zosconnect-ui-backend started in 4.976 seconds.
[7/18/24, 15:46:24:662 UTC] 00000087 SystemErr                                                    R SLF4J: No SLF4J providers were found.
[7/18/24, 15:46:24:663 UTC] 00000087 SystemErr                                                    R SLF4J: Defaulting to no-operation (NOP) logger implementation
[7/18/24, 15:46:24:664 UTC] 00000087 SystemErr                                                    R SLF4J: See https://www.slf4j.org/codes.html#noProviders for further details.
[7/18/24, 15:46:24:683 UTC] 00000037 com.ibm.ws.tcpchannel.internal.TCPPort                       I CWWKO0219I: TCP Channel defaultHttpEndpoint has been started and is now listening for requests on host *  (IPv4) port 9080.
[7/18/24, 15:46:24:732 UTC] 0000003c .apache.cxf.cxf.core.3.2:1.0.87.cl240320240311-1901(id=100)] I Setting the server's publish address to be /
[7/18/24, 15:46:24:785 UTC] 0000003c com.ibm.ws.webcontainer.servlet                              I SRVE0242I: [zosconnect-ui-backend] [/zosConnect/designer/api] [com.ibm.zosconnect.ui.backend]: Initialization successful.
[7/18/24, 15:46:24:805 UTC] 00000037 com.ibm.ws.tcpchannel.internal.TCPPort                       I CWWKO0219I: TCP Channel defaultHttpEndpoint-ssl has been started and is now listening for requests on host *  (IPv4) port 9443.
[7/18/24, 15:46:24:846 UTC] 00000037 com.ibm.ws.kernel.feature.internal.FeatureManager            A CWWKF0015I: The server has the following interim fixes active in the runtime: PH59781,PH60199,PH59146,PH60149,PH60146. For a full listing of installed fixes run: productInfo version --ifixes
[7/18/24, 15:46:24:847 UTC] 00000037 com.ibm.ws.kernel.feature.internal.FeatureManager            A CWWKF0012I: The server installed the following features: [appSecurity-2.0, audit-1.0, beanValidation-2.0, cdi-2.0, distributedMap-1.0, el-3.0, jaxb-2.2, jaxrs-2.1, jaxrsClient-2.1, jca-1.7, jndi-1.0, json-1.0, jsonb-1.0, jsonp-1.1, jsp-2.3, jwt-1.0, monitor-1.0, mpConfig-2.0, mpHealth-3.1, mpMetrics-3.0, mpOpenAPI-2.0, servlet-4.0, ssl-1.0, transportSecurity-1.0, zosconnect:cics-1.0, zosconnect:db2-1.0, zosconnect:designer-1.0, zosconnect:ims-1.0, zosconnect:zosConnect-3.0].
[7/18/24, 15:46:24:848 UTC] 00000037 com.ibm.ws.kernel.feature.internal.FeatureManager            I CWWKF0008I: Feature update completed in 11.573 seconds.
[7/18/24, 15:46:24:848 UTC] 00000037 com.ibm.ws.kernel.feature.internal.FeatureManager            A CWWKF0011I: The defaultServer server is ready to run a smarter planet. The defaultServer server started in 12.740 seconds.
[7/18/24, 15:46:48:540 UTC] 00000045 com.ibm.ws.app.manager.AppMessageHelper                      I CWWKZ0018I: Starting application api.
[7/18/24, 15:46:48:543 UTC] 00000045 bm.ws.app.manager.war.internal.WARDeployedAppInfoFactoryImpl I CWWKZ0133I: The api application at the /opt/ibm/wlp/usr/servers/defaultServer/dropins/api.war location is being expanded to the /opt/ibm/wlp/usr/servers/defaultServer/apps/expanded/api.war directory.
[7/18/24, 15:46:49:454 UTC] 00000045 nnect.zosasset.ims.internal.factories.ImsTranZosAssetFactory I BAQR1851I: Loaded IMS Transaction z/OS Asset phonebook.
[7/18/24, 15:46:49:820 UTC] 00000045 com.ibm.zosconnect.engine.impl.OperationManagerImpl          E BAQR1660E: Missing operation.yaml for operation %2Fphonebook%2Fcontacts/post.
[7/18/24, 15:46:49:821 UTC] 00000045 com.ibm.zosconnect.engine.impl.OperationManagerImpl          E BAQR1668E: No response mappings are defined for operation %2Fphonebook%2Fcontacts/post.
[7/18/24, 15:46:49:822 UTC] 00000045 com.ibm.zosconnect.engine.impl.OperationManagerImpl          E BAQR1660E: Missing operation.yaml for operation %2Fphonebook%2Fcontacts%2F%7BlastName%7D/put.
[7/18/24, 15:46:49:822 UTC] 00000045 com.ibm.zosconnect.engine.impl.OperationManagerImpl          E BAQR1668E: No response mappings are defined for operation %2Fphonebook%2Fcontacts%2F%7BlastName%7D/put.
[7/18/24, 15:46:49:823 UTC] 00000045 com.ibm.zosconnect.engine.impl.OperationManagerImpl          E BAQR1660E: Missing operation.yaml for operation %2Fphonebook%2Fcontacts%2F%7BlastName%7D/delete.
[7/18/24, 15:46:49:823 UTC] 00000045 com.ibm.zosconnect.engine.impl.OperationManagerImpl          E BAQR1668E: No response mappings are defined for operation %2Fphonebook%2Fcontacts%2F%7BlastName%7D/delete.
[7/18/24, 15:46:49:893 UTC] 00000045 liberty.microprofile.openapi20.internal.ApplicationProcessor I CWWKO1660I: The application api was processed and an OpenAPI document was produced.
[7/18/24, 15:46:49:896 UTC] 00000045 com.ibm.ws.webcontainer.osgi.webapp.WebGroup                 I SRVE0169I: Loading Web Module: api.
[7/18/24, 15:46:49:896 UTC] 00000045 com.ibm.ws.webcontainer                                      I SRVE0250I: Web Module api has been bound to default_host.
[7/18/24, 15:46:49:897 UTC] 00000045 com.ibm.ws.http.internal.VirtualHostImpl                     A CWWKT0016I: Web application available (default_host): http://e38928a2ee41:9080/
[7/18/24, 15:46:49:898 UTC] 00000051 com.ibm.ws.session.WASSessionCore                            I SESN0176I: A new session context will be created for application key default_host/
[7/18/24, 15:46:49:898 UTC] 00000051 com.ibm.ws.util                                              I SESN0172I: The session manager is using the Java default SecureRandom implementation for session ID generation.
[7/18/24, 15:46:49:906 UTC] 00000051 com.ibm.ws.app.manager.AppMessageHelper                      A CWWKZ0001I: Application api started in 1.366 seconds.
[7/18/24, 15:46:49:923 UTC] 00000051 .apache.cxf.cxf.core.3.2:1.0.87.cl240320240311-1901(id=100)] I Setting the server's publish address to be /
[7/18/24, 15:46:49:930 UTC] 00000051 com.ibm.ws.webcontainer.servlet                              I SRVE0242I: [api] [/] [Phonebook]: Initialization successful.
[7/18/24, 15:46:50:015 UTC] 00000045 com.ibm.ws.webcontainer.osgi.mbeans.PluginGenerator          I SRVE9103I: A configuration file for a web server plugin was automatically generated for this server at /opt/ibm/wlp/output/defaultServer/logs/state/plugin-cfg.xml.
[7/18/24, 15:46:50:532 UTC] 00000047 com.ibm.ws.config.xml.internal.ConfigRefresher               A CWWKG0016I: Starting server configuration update.
[7/18/24, 15:46:50:533 UTC] 00000047 com.ibm.ws.config.xml.internal.ServerXMLConfiguration        A CWWKG0093A: Processing configuration drop-ins resource: /opt/ibm/wlp/usr/servers/defaultServer/configDropins/defaults/keystore.xml
[7/18/24, 15:46:50:534 UTC] 00000047 com.ibm.ws.config.xml.internal.ServerXMLConfiguration        A CWWKG0093A: Processing configuration drop-ins resource: /opt/ibm/wlp/usr/servers/defaultServer/configDropins/overrides/cics.xml
[7/18/24, 15:46:50:535 UTC] 00000047 com.ibm.ws.config.xml.internal.ServerXMLConfiguration        A CWWKG0093A: Processing configuration drop-ins resource: /opt/ibm/wlp/usr/servers/defaultServer/configDropins/overrides/db2.xml
[7/18/24, 15:46:50:536 UTC] 00000047 com.ibm.ws.config.xml.internal.ServerXMLConfiguration        A CWWKG0093A: Processing configuration drop-ins resource: /opt/ibm/wlp/usr/servers/defaultServer/configDropins/overrides/http-ssl-endpoint.xml
[7/18/24, 15:46:50:537 UTC] 00000047 com.ibm.ws.config.xml.internal.ServerXMLConfiguration        A CWWKG0093A: Processing configuration drop-ins resource: /opt/ibm/wlp/usr/servers/defaultServer/configDropins/overrides/ims.xml
[7/18/24, 15:46:50:538 UTC] 00000047 com.ibm.ws.config.xml.internal.ServerXMLConfiguration        A CWWKG0093A: Processing configuration drop-ins resource: /opt/ibm/wlp/usr/servers/defaultServer/configDropins/overrides/server.xml
[7/18/24, 15:46:50:538 UTC] 00000047 com.ibm.ws.config.xml.internal.ServerXMLConfiguration        A CWWKG0093A: Processing configuration drop-ins resource: /opt/ibm/wlp/usr/servers/defaultServer/configDropins/overrides/tls.xml
[7/18/24, 15:46:50:540 UTC] 00000087 m.ibm.zosconnect.ui.backend.apiproject.TestApiProjectHandler I BAQW0071I: Successfully initialized monitoring of API project.
[7/18/24, 15:46:50:555 UTC] 00000047 com.ibm.ws.config.xml.internal.ConfigEvaluator               E CWWKG0075E: The value ${CICS_PORT} is not valid for attribute port of configuration element zosconnect_cicsIpicConnection. The validation message was: Value "${CICS_PORT}" is not a number..
[7/18/24, 15:46:50:584 UTC] 00000033 com.ibm.ws.jca.cm.ConnectorService                           I J2CA8050I: An authentication alias should be used instead of defining a user name and password on null.
[7/18/24, 15:46:50:605 UTC] 00000043 com.ibm.ws.kernel.feature.internal.FeatureManager            I CWWKF0007I: Feature update started.
[7/18/24, 15:46:51:190 UTC] 00000033 com.ibm.ws.recoverylog.spi.RecoveryDirectorImpl              I CWRLS0010I: Performing recovery processing for local WebSphere server (defaultServer).
[7/18/24, 15:46:51:210 UTC] 000000a4 com.ibm.ws.recoverylog.spi.LogHandle                         I CWRLS0007I: No existing recovery log files found in /opt/ibm/wlp/output/defaultServer/tranlog/tranlog. Cold starting the recovery log.
[7/18/24, 15:46:51:211 UTC] 000000a4 com.ibm.ws.recoverylog.spi.LogFileHandle                     I CWRLS0006I: Creating new recovery log file /opt/ibm/wlp/output/defaultServer/tranlog/tranlog/log1.
[7/18/24, 15:46:51:225 UTC] 000000a4 com.ibm.ws.recoverylog.spi.LogFileHandle                     I CWRLS0006I: Creating new recovery log file /opt/ibm/wlp/output/defaultServer/tranlog/tranlog/log2.
[7/18/24, 15:46:51:516 UTC] 000000a4 com.ibm.ws.recoverylog.spi.LogHandle                         I CWRLS0007I: No existing recovery log files found in /opt/ibm/wlp/output/defaultServer/tranlog/partnerlog. Cold starting the recovery log.
[7/18/24, 15:46:51:517 UTC] 000000a4 com.ibm.ws.recoverylog.spi.LogFileHandle                     I CWRLS0006I: Creating new recovery log file /opt/ibm/wlp/output/defaultServer/tranlog/partnerlog/log1.
[7/18/24, 15:46:51:526 UTC] 000000a4 com.ibm.ws.recoverylog.spi.LogFileHandle                     I CWRLS0006I: Creating new recovery log file /opt/ibm/wlp/output/defaultServer/tranlog/partnerlog/log2.
[7/18/24, 15:46:51:554 UTC] 00000043 com.ibm.ws.kernel.feature.internal.FeatureManager            A CWWKF0015I: The server has the following interim fixes active in the runtime: PH59781,PH60199,PH59146,PH60149,PH60146. For a full listing of installed fixes run: productInfo version --ifixes
[7/18/24, 15:46:51:555 UTC] 00000043 com.ibm.ws.kernel.feature.internal.FeatureManager            A CWWKF0012I: The server installed the following features: [appSecurity-2.0, audit-1.0, beanValidation-2.0, cdi-2.0, distributedMap-1.0, el-3.0, jaxb-2.2, jaxrs-2.1, jaxrsClient-2.1, jca-1.7, jndi-1.0, json-1.0, jsonb-1.0, jsonp-1.1, jsp-2.3, jwt-1.0, monitor-1.0, mpConfig-2.0, mpHealth-3.1, mpMetrics-3.0, mpOpenAPI-2.0, servlet-4.0, ssl-1.0, transportSecurity-1.0, zosconnect:cics-1.0, zosconnect:db2-1.0, zosconnect:designer-1.0, zosconnect:ims-1.0, zosconnect:zosConnect-3.0].
[7/18/24, 15:46:51:556 UTC] 00000043 com.ibm.ws.kernel.feature.internal.FeatureManager            A CWWKF0008I: Feature update completed in 0.989 seconds.
[7/18/24, 15:46:51:573 UTC] 00000033 com.ibm.ws.recoverylog.spi.RecoveryDirectorImpl              I CWRLS0012I: All persistent services have been directed to perform recovery processing for this WebSphere server (defaultServer).
[7/18/24, 15:46:51:573 UTC] 000000a4 com.ibm.tx.jta.impl.RecoveryManager                          I WTRN0135I: Transaction service recovering no transactions.
[7/18/24, 15:46:51:672 UTC] 00000047 com.ibm.ws.config.xml.internal.ConfigRefresher               A CWWKG0017I: The server configuration was successfully updated in 1.142 seconds.
[7/18/24, 15:49:38:703 UTC] 000000ad com.ibm.ws.webcontainer.servlet                              I SRVE0242I: [zosconnect-ui] [/zosConnect/designer] [/index.jsp]: Initialization successful.
[7/18/24, 15:49:40:035 UTC] 000000ac .apache.cxf.cxf.core.3.2:1.0.87.cl240320240311-1901(id=100)] I Setting the server's publish address to be /
[7/18/24, 15:49:40:044 UTC] 000000ac com.ibm.ws.webcontainer.servlet                              I SRVE0242I: [zosconnect-ui-backend-cics] [/zosConnect/designer/api/zosAssetProvider/cics-1.0] [com.ibm.zosconnect.ui.backend.cics.WorkspaceApplication]: Initialization successful.
[7/18/24, 15:49:40:295 UTC] 000000b0 .apache.cxf.cxf.core.3.2:1.0.87.cl240320240311-1901(id=100)] I Setting the server's publish address to be /
[7/18/24, 15:49:40:307 UTC] 000000b0 com.ibm.ws.webcontainer.servlet                              I SRVE0242I: [zosconnect-ui-backend-db2] [/zosConnect/designer/api/zosAssetProvider/db2-1.0] [com.ibm.zosconnect.ui.backend.db2.WorkspaceApplication]: Initialization successful.
[7/18/24, 15:49:40:400 UTC] 0000004d .apache.cxf.cxf.core.3.2:1.0.87.cl240320240311-1901(id=100)] I Setting the server's publish address to be /
[7/18/24, 15:49:40:407 UTC] 0000004d com.ibm.ws.webcontainer.servlet                              I SRVE0242I: [zosconnect-ui-backend-ims] [/zosConnect/designer/api/zosAssetProvider/ims-1.0] [com.ibm.zosconnect.ui.backend.ims.WorkspaceApplication]: Initialization successful.
[7/18/24, 15:50:15:493 UTC] 000000a8 com.ibm.j2ca.RAIMSTM                                         E 
javax.resource.spi.EISSystemException: ICO0080E: com.ibm.connector2.ims.ico.IMSTCPIPManagedConnection@cdbe570f.processOutputOTMAMsg(byte[], IMSInteractionSpec, int) error. Execution timeout has occurred for this interaction. The executionTimeout was [0] milliseconds.  The IMS Connect TIMEOUT was used.
	at com.ibm.connector2.ims.ico.IMSManagedConnection.processOutputOTMAMsg(IMSManagedConnection.java:4042)
	at com.ibm.connector2.ims.ico.IMSTCPIPManagedConnection.callSendRecv(IMSTCPIPManagedConnection.java:241)
	at com.ibm.connector2.ims.ico.IMSManagedConnection.call(IMSManagedConnection.java:1625)
	at com.ibm.connector2.ims.ico.IMSConnection.call(IMSConnection.java:213)
	at com.ibm.connector2.ims.ico.IMSInteraction.execute(IMSInteraction.java:586)
	at com.ibm.zosconnect.zosasset.ims.internal.ImsZosAsset.flowRequest(ImsZosAsset.java:291)
	at com.ibm.zosconnect.zosasset.ims.internal.ImsTranZosAsset.invoke(ImsTranZosAsset.java:90)
	at com.ibm.zosconnect.engine.impl.ProviderInvokeOperationImpl.invokeEndpoint(ProviderInvokeOperationImpl.java:384)
	at com.ibm.zosconnect.engine.impl.ProviderInvokeOperationImpl.processOperation(ProviderInvokeOperationImpl.java:151)
	at com.ibm.zosconnect.engine.impl.ProviderInvokeOperationImpl$Proxy$_$$_WeldClientProxy.processOperation(Unknown Source)
	at com.ibm.zosconnect.api.PhonebookApi.phonebookContactsLastNameGet(PhonebookApi.java:97)
	at com.ibm.zosconnect.api.PhonebookApi$Proxy$_$$_WeldSubclass.phonebookContactsLastNameGet$$super(Unknown Source)
	at java.base/jdk.internal.reflect.NativeMethodAccessorImpl.invoke0(Native Method)
	at java.base/jdk.internal.reflect.NativeMethodAccessorImpl.invoke(NativeMethodAccessorImpl.java:77)
	at java.base/jdk.internal.reflect.DelegatingMethodAccessorImpl.invoke(DelegatingMethodAccessorImpl.java:43)
	at java.base/java.lang.reflect.Method.invoke(Method.java:574)
	at org.jboss.weld.interceptor.proxy.TerminalAroundInvokeInvocationContext.proceedInternal(TerminalAroundInvokeInvocationContext.java:51)
	at org.jboss.weld.interceptor.proxy.AroundInvokeInvocationContext.proceed(AroundInvokeInvocationContext.java:78)
	at io.openliberty.microprofile.metrics.internal.cdi30.interceptors.SimplyTimedInterceptor.simplyTimedCallable(SimplyTimedInterceptor.java:101)
	at io.openliberty.microprofile.metrics.internal.cdi30.interceptors.SimplyTimedInterceptor.timedMethod(SimplyTimedInterceptor.java:74)
	at java.base/jdk.internal.reflect.NativeMethodAccessorImpl.invoke0(Native Method)
	at java.base/jdk.internal.reflect.NativeMethodAccessorImpl.invoke(NativeMethodAccessorImpl.java:77)
	at java.base/jdk.internal.reflect.DelegatingMethodAccessorImpl.invoke(DelegatingMethodAccessorImpl.java:43)
	at java.base/java.lang.reflect.Method.invoke(Method.java:574)
	at org.jboss.weld.interceptor.reader.SimpleInterceptorInvocation$SimpleMethodInvocation.invoke(SimpleInterceptorInvocation.java:73)
	at org.jboss.weld.interceptor.proxy.NonTerminalAroundInvokeInvocationContext.proceedInternal(NonTerminalAroundInvokeInvocationContext.java:66)
	at org.jboss.weld.interceptor.proxy.AroundInvokeInvocationContext.proceed(AroundInvokeInvocationContext.java:78)
	at io.openliberty.microprofile.metrics.internal.cdi30.interceptors.CountedInterceptor.countedCallable(CountedInterceptor.java:99)
	at io.openliberty.microprofile.metrics.internal.cdi30.interceptors.CountedInterceptor.countedMethod(CountedInterceptor.java:74)
	at java.base/jdk.internal.reflect.NativeMethodAccessorImpl.invoke0(Native Method)
	at java.base/jdk.internal.reflect.NativeMethodAccessorImpl.invoke(NativeMethodAccessorImpl.java:77)
	at java.base/jdk.internal.reflect.DelegatingMethodAccessorImpl.invoke(DelegatingMethodAccessorImpl.java:43)
	at java.base/java.lang.reflect.Method.invoke(Method.java:574)
	at org.jboss.weld.interceptor.reader.SimpleInterceptorInvocation$SimpleMethodInvocation.invoke(SimpleInterceptorInvocation.java:73)
	at org.jboss.weld.interceptor.proxy.InterceptorMethodHandler.executeAroundInvoke(InterceptorMethodHandler.java:84)
	at org.jboss.weld.interceptor.proxy.InterceptorMethodHandler.executeInterception(InterceptorMethodHandler.java:72)
	at org.jboss.weld.interceptor.proxy.InterceptorMethodHandler.invoke(InterceptorMethodHandler.java:56)
	at org.jboss.weld.bean.proxy.CombinedInterceptorAndDecoratorStackMethodHandler.invoke(CombinedInterceptorAndDecoratorStackMethodHandler.java:79)
	at org.jboss.weld.bean.proxy.CombinedInterceptorAndDecoratorStackMethodHandler.invoke(CombinedInterceptorAndDecoratorStackMethodHandler.java:68)
	at com.ibm.zosconnect.api.PhonebookApi$Proxy$_$$_WeldSubclass.phonebookContactsLastNameGet(Unknown Source)
	at com.ibm.zosconnect.api.PhonebookApi$Proxy$_$$_WeldClientProxy.phonebookContactsLastNameGet(Unknown Source)
	at java.base/jdk.internal.reflect.NativeMethodAccessorImpl.invoke0(Native Method)
	at java.base/jdk.internal.reflect.NativeMethodAccessorImpl.invoke(NativeMethodAccessorImpl.java:77)
	at java.base/jdk.internal.reflect.DelegatingMethodAccessorImpl.invoke(DelegatingMethodAccessorImpl.java:43)
	at java.base/java.lang.reflect.Method.invoke(Method.java:574)
	at com.ibm.ws.jaxrs20.cdi.component.JaxRsFactoryImplicitBeanCDICustomizer.serviceInvoke(JaxRsFactoryImplicitBeanCDICustomizer.java:352)
	at com.ibm.ws.jaxrs20.server.LibertyJaxRsServerFactoryBean.performInvocation(LibertyJaxRsServerFactoryBean.java:642)
	at com.ibm.ws.jaxrs20.server.LibertyJaxRsInvoker.performInvocation(LibertyJaxRsInvoker.java:161)
	at org.apache.cxf.service.invoker.AbstractInvoker.invoke(AbstractInvoker.java:101)
	at com.ibm.ws.jaxrs20.server.LibertyJaxRsInvoker.invoke(LibertyJaxRsInvoker.java:276)
	at org.apache.cxf.jaxrs.JAXRSInvoker.invoke(JAXRSInvoker.java:213)
	at com.ibm.ws.jaxrs20.server.LibertyJaxRsInvoker.invoke(LibertyJaxRsInvoker.java:460)
	at org.apache.cxf.jaxrs.JAXRSInvoker.invoke(JAXRSInvoker.java:112)
	at org.apache.cxf.interceptor.ServiceInvokerInterceptor$1.run(ServiceInvokerInterceptor.java:69)
	at org.apache.cxf.interceptor.ServiceInvokerInterceptor.handleMessage(ServiceInvokerInterceptor.java:120)
	at org.apache.cxf.phase.PhaseInterceptorChain.doIntercept(PhaseInterceptorChain.java:325)
	at org.apache.cxf.transport.ChainInitiationObserver.onMessage(ChainInitiationObserver.java:129)
	at org.apache.cxf.transport.http.AbstractHTTPDestination.invoke(AbstractHTTPDestination.java:278)
	at com.ibm.ws.jaxrs20.endpoint.AbstractJaxRsWebEndpoint.invoke(AbstractJaxRsWebEndpoint.java:139)
	at com.ibm.websphere.jaxrs.server.IBMRestServlet.handleRequest(IBMRestServlet.java:148)
	at com.ibm.websphere.jaxrs.server.IBMRestServlet.doGet(IBMRestServlet.java:114)
	at javax.servlet.http.HttpServlet.service(HttpServlet.java:686)
	at com.ibm.websphere.jaxrs.server.IBMRestServlet.service(IBMRestServlet.java:98)
	at com.ibm.ws.webcontainer.servlet.ServletWrapper.service(ServletWrapper.java:1260)
	at com.ibm.ws.webcontainer.servlet.ServletWrapper.handleRequest(ServletWrapper.java:748)
	at com.ibm.ws.webcontainer.servlet.ServletWrapper.handleRequest(ServletWrapper.java:445)
	at com.ibm.ws.webcontainer.filter.WebAppFilterChain.invokeTarget(WebAppFilterChain.java:197)
	at com.ibm.ws.webcontainer.filter.WebAppFilterChain.doFilter(WebAppFilterChain.java:100)
	at com.ibm.zosconnect.provider.ApiFilter.doFilter(ApiFilter.java:44)
	at com.ibm.ws.webcontainer.filter.FilterInstanceWrapper.doFilter(FilterInstanceWrapper.java:203)
	at com.ibm.ws.webcontainer.filter.WebAppFilterChain.doFilter(WebAppFilterChain.java:93)
	at com.ibm.ws.webcontainer.filter.WebAppFilterManager.doFilter(WebAppFilterManager.java:1068)
	at com.ibm.ws.webcontainer.filter.WebAppFilterManager.invokeFilters(WebAppFilterManager.java:1259)
	at com.ibm.ws.webcontainer.webapp.WebApp.handleRequest(WebApp.java:5095)
	at com.ibm.ws.webcontainer.osgi.DynamicVirtualHost$2.handleRequest(DynamicVirtualHost.java:328)
	at com.ibm.ws.webcontainer.WebContainer.handleRequest(WebContainer.java:1038)
	at com.ibm.ws.webcontainer.osgi.DynamicVirtualHost$2.run(DynamicVirtualHost.java:293)
	at com.ibm.ws.http.dispatcher.internal.channel.HttpDispatcherLink$TaskWrapper.run(HttpDispatcherLink.java:1260)
	at com.ibm.ws.http.dispatcher.internal.channel.HttpDispatcherLink.wrapHandlerAndExecute(HttpDispatcherLink.java:476)
	at com.ibm.ws.http.dispatcher.internal.channel.HttpDispatcherLink.ready(HttpDispatcherLink.java:435)
	at com.ibm.ws.http.channel.internal.inbound.HttpInboundLink.handleDiscrimination(HttpInboundLink.java:569)
	at com.ibm.ws.http.channel.internal.inbound.HttpInboundLink.handleNewRequest(HttpInboundLink.java:503)
	at com.ibm.ws.http.channel.internal.inbound.HttpInboundLink.processRequest(HttpInboundLink.java:363)
	at com.ibm.ws.http.channel.internal.inbound.HttpICLReadCallback.complete(HttpICLReadCallback.java:72)
	at com.ibm.ws.tcpchannel.internal.WorkQueueManager.requestComplete(WorkQueueManager.java:516)
	at com.ibm.ws.tcpchannel.internal.WorkQueueManager.attemptIO(WorkQueueManager.java:586)
	at com.ibm.ws.tcpchannel.internal.WorkQueueManager.workerRun(WorkQueueManager.java:970)
	at com.ibm.ws.tcpchannel.internal.WorkQueueManager$Worker.run(WorkQueueManager.java:1059)
	at com.ibm.ws.threading.internal.ExecutorServiceImpl$RunnableWrapper.run(ExecutorServiceImpl.java:280)
	at java.base/java.util.concurrent.ThreadPoolExecutor.runWorker(ThreadPoolExecutor.java:1136)
	at java.base/java.util.concurrent.ThreadPoolExecutor$Worker.run(ThreadPoolExecutor.java:635)
	at java.base/java.lang.Thread.run(Thread.java:857)

javax.resource.spi.EISSystemException: ICO0080E: com.ibm.connector2.ims.ico.IMSTCPIPManagedConnection@cdbe570f.processOutputOTMAMsg(byte[], IMSInteractionSpec, int) error. Execution timeout has occurred for this interaction. The executionTimeout was [0] milliseconds.  The IMS Connect TIMEOUT was used.
	at com.ibm.connector2.ims.ico.IMSManagedConnection.processOutputOTMAMsg(IMSManagedConnection.java:4042)
	at com.ibm.connector2.ims.ico.IMSTCPIPManagedConnection.callSendRecv(IMSTCPIPManagedConnection.java:241)
	at com.ibm.connector2.ims.ico.IMSManagedConnection.call(IMSManagedConnection.java:1625)
	at com.ibm.connector2.ims.ico.IMSConnection.call(IMSConnection.java:213)
	at com.ibm.connector2.ims.ico.IMSInteraction.execute(IMSInteraction.java:586)
	at com.ibm.zosconnect.zosasset.ims.internal.ImsZosAsset.flowRequest(ImsZosAsset.java:291)
	at com.ibm.zosconnect.zosasset.ims.internal.ImsTranZosAsset.invoke(ImsTranZosAsset.java:90)
	at com.ibm.zosconnect.engine.impl.ProviderInvokeOperationImpl.invokeEndpoint(ProviderInvokeOperationImpl.java:384)
	at com.ibm.zosconnect.engine.impl.ProviderInvokeOperationImpl.processOperation(ProviderInvokeOperationImpl.java:151)
	at com.ibm.zosconnect.engine.impl.ProviderInvokeOperationImpl$Proxy$_$$_WeldClientProxy.processOperation(Unknown Source)
	at com.ibm.zosconnect.api.PhonebookApi.phonebookContactsLastNameGet(PhonebookApi.java:97)
	at com.ibm.zosconnect.api.PhonebookApi$Proxy$_$$_WeldSubclass.phonebookContactsLastNameGet$$super(Unknown Source)
	at java.base/jdk.internal.reflect.NativeMethodAccessorImpl.invoke0(Native Method)
	at java.base/jdk.internal.reflect.NativeMethodAccessorImpl.invoke(NativeMethodAccessorImpl.java:77)
	at java.base/jdk.internal.reflect.DelegatingMethodAccessorImpl.invoke(DelegatingMethodAccessorImpl.java:43)
	at java.base/java.lang.reflect.Method.invoke(Method.java:574)
	at org.jboss.weld.interceptor.proxy.TerminalAroundInvokeInvocationContext.proceedInternal(TerminalAroundInvokeInvocationContext.java:51)
	at org.jboss.weld.interceptor.proxy.AroundInvokeInvocationContext.proceed(AroundInvokeInvocationContext.java:78)
	at io.openliberty.microprofile.metrics.internal.cdi30.interceptors.SimplyTimedInterceptor.simplyTimedCallable(SimplyTimedInterceptor.java:101)
	at io.openliberty.microprofile.metrics.internal.cdi30.interceptors.SimplyTimedInterceptor.timedMethod(SimplyTimedInterceptor.java:74)
	at java.base/jdk.internal.reflect.NativeMethodAccessorImpl.invoke0(Native Method)
	at java.base/jdk.internal.reflect.NativeMethodAccessorImpl.invoke(NativeMethodAccessorImpl.java:77)
	at java.base/jdk.internal.reflect.DelegatingMethodAccessorImpl.invoke(DelegatingMethodAccessorImpl.java:43)
	at java.base/java.lang.reflect.Method.invoke(Method.java:574)
	at org.jboss.weld.interceptor.reader.SimpleInterceptorInvocation$SimpleMethodInvocation.invoke(SimpleInterceptorInvocation.java:73)
	at org.jboss.weld.interceptor.proxy.NonTerminalAroundInvokeInvocationContext.proceedInternal(NonTerminalAroundInvokeInvocationContext.java:66)
	at org.jboss.weld.interceptor.proxy.AroundInvokeInvocationContext.proceed(AroundInvokeInvocationContext.java:78)
	at io.openliberty.microprofile.metrics.internal.cdi30.interceptors.CountedInterceptor.countedCallable(CountedInterceptor.java:99)
	at io.openliberty.microprofile.metrics.internal.cdi30.interceptors.CountedInterceptor.countedMethod(CountedInterceptor.java:74)
	at java.base/jdk.internal.reflect.NativeMethodAccessorImpl.invoke0(Native Method)
	at java.base/jdk.internal.reflect.NativeMethodAccessorImpl.invoke(NativeMethodAccessorImpl.java:77)
	at java.base/jdk.internal.reflect.DelegatingMethodAccessorImpl.invoke(DelegatingMethodAccessorImpl.java:43)
	at java.base/java.lang.reflect.Method.invoke(Method.java:574)
	at org.jboss.weld.interceptor.reader.SimpleInterceptorInvocation$SimpleMethodInvocation.invoke(SimpleInterceptorInvocation.java:73)
	at org.jboss.weld.interceptor.proxy.InterceptorMethodHandler.executeAroundInvoke(InterceptorMethodHandler.java:84)
	at org.jboss.weld.interceptor.proxy.InterceptorMethodHandler.executeInterception(InterceptorMethodHandler.java:72)
	at org.jboss.weld.interceptor.proxy.InterceptorMethodHandler.invoke(InterceptorMethodHandler.java:56)
	at org.jboss.weld.bean.proxy.CombinedInterceptorAndDecoratorStackMethodHandler.invoke(CombinedInterceptorAndDecoratorStackMethodHandler.java:79)
	at org.jboss.weld.bean.proxy.CombinedInterceptorAndDecoratorStackMethodHandler.invoke(CombinedInterceptorAndDecoratorStackMethodHandler.java:68)
	at com.ibm.zosconnect.api.PhonebookApi$Proxy$_$$_WeldSubclass.phonebookContactsLastNameGet(Unknown Source)
	at com.ibm.zosconnect.api.PhonebookApi$Proxy$_$$_WeldClientProxy.phonebookContactsLastNameGet(Unknown Source)
	at java.base/jdk.internal.reflect.NativeMethodAccessorImpl.invoke0(Native Method)
	at java.base/jdk.internal.reflect.NativeMethodAccessorImpl.invoke(NativeMethodAccessorImpl.java:77)
	at java.base/jdk.internal.reflect.DelegatingMethodAccessorImpl.invoke(DelegatingMethodAccessorImpl.java:43)
	at java.base/java.lang.reflect.Method.invoke(Method.java:574)
	at com.ibm.ws.jaxrs20.cdi.component.JaxRsFactoryImplicitBeanCDICustomizer.serviceInvoke(JaxRsFactoryImplicitBeanCDICustomizer.java:352)
	at com.ibm.ws.jaxrs20.server.LibertyJaxRsServerFactoryBean.performInvocation(LibertyJaxRsServerFactoryBean.java:642)
	at com.ibm.ws.jaxrs20.server.LibertyJaxRsInvoker.performInvocation(LibertyJaxRsInvoker.java:161)
	at org.apache.cxf.service.invoker.AbstractInvoker.invoke(AbstractInvoker.java:101)
	at com.ibm.ws.jaxrs20.server.LibertyJaxRsInvoker.invoke(LibertyJaxRsInvoker.java:276)
	at org.apache.cxf.jaxrs.JAXRSInvoker.invoke(JAXRSInvoker.java:213)
	at com.ibm.ws.jaxrs20.server.LibertyJaxRsInvoker.invoke(LibertyJaxRsInvoker.java:460)
	at org.apache.cxf.jaxrs.JAXRSInvoker.invoke(JAXRSInvoker.java:112)
	at org.apache.cxf.interceptor.ServiceInvokerInterceptor$1.run(ServiceInvokerInterceptor.java:69)
	at org.apache.cxf.interceptor.ServiceInvokerInterceptor.handleMessage(ServiceInvokerInterceptor.java:120)
	at org.apache.cxf.phase.PhaseInterceptorChain.doIntercept(PhaseInterceptorChain.java:325)
	at org.apache.cxf.transport.ChainInitiationObserver.onMessage(ChainInitiationObserver.java:129)
	at org.apache.cxf.transport.http.AbstractHTTPDestination.invoke(AbstractHTTPDestination.java:278)
	at com.ibm.ws.jaxrs20.endpoint.AbstractJaxRsWebEndpoint.invoke(AbstractJaxRsWebEndpoint.java:139)
	at com.ibm.websphere.jaxrs.server.IBMRestServlet.handleRequest(IBMRestServlet.java:148)
	at com.ibm.websphere.jaxrs.server.IBMRestServlet.doGet(IBMRestServlet.java:114)
	at javax.servlet.http.HttpServlet.service(HttpServlet.java:686)
	at com.ibm.websphere.jaxrs.server.IBMRestServlet.service(IBMRestServlet.java:98)
	at com.ibm.ws.webcontainer.servlet.ServletWrapper.service(ServletWrapper.java:1260)
	at com.ibm.ws.webcontainer.servlet.ServletWrapper.handleRequest(ServletWrapper.java:748)
	at com.ibm.ws.webcontainer.servlet.ServletWrapper.handleRequest(ServletWrapper.java:445)
	at com.ibm.ws.webcontainer.filter.WebAppFilterChain.invokeTarget(WebAppFilterChain.java:197)
	at com.ibm.ws.webcontainer.filter.WebAppFilterChain.doFilter(WebAppFilterChain.java:100)
	at com.ibm.zosconnect.provider.ApiFilter.doFilter(ApiFilter.java:44)
	at com.ibm.ws.webcontainer.filter.FilterInstanceWrapper.doFilter(FilterInstanceWrapper.java:203)
	at com.ibm.ws.webcontainer.filter.WebAppFilterChain.doFilter(WebAppFilterChain.java:93)
	at com.ibm.ws.webcontainer.filter.WebAppFilterManager.doFilter(WebAppFilterManager.java:1068)
	at com.ibm.ws.webcontainer.filter.WebAppFilterManager.invokeFilters(WebAppFilterManager.java:1259)
	at com.ibm.ws.webcontainer.webapp.WebApp.handleRequest(WebApp.java:5095)
	at com.ibm.ws.webcontainer.osgi.DynamicVirtualHost$2.handleRequest(DynamicVirtualHost.java:328)
	at com.ibm.ws.webcontainer.WebContainer.handleRequest(WebContainer.java:1038)
	at com.ibm.ws.webcontainer.osgi.DynamicVirtualHost$2.run(DynamicVirtualHost.java:293)
	at com.ibm.ws.http.dispatcher.internal.channel.HttpDispatcherLink$TaskWrapper.run(HttpDispatcherLink.java:1260)
	at com.ibm.ws.http.dispatcher.internal.channel.HttpDispatcherLink.wrapHandlerAndExecute(HttpDispatcherLink.java:476)
	at com.ibm.ws.http.dispatcher.internal.channel.HttpDispatcherLink.ready(HttpDispatcherLink.java:435)
	at com.ibm.ws.http.channel.internal.inbound.HttpInboundLink.handleDiscrimination(HttpInboundLink.java:569)
	at com.ibm.ws.http.channel.internal.inbound.HttpInboundLink.handleNewRequest(HttpInboundLink.java:503)
	at com.ibm.ws.http.channel.internal.inbound.HttpInboundLink.processRequest(HttpInboundLink.java:363)
	at com.ibm.ws.http.channel.internal.inbound.HttpICLReadCallback.complete(HttpICLReadCallback.java:72)
	at com.ibm.ws.tcpchannel.internal.WorkQueueManager.requestComplete(WorkQueueManager.java:516)
	at com.ibm.ws.tcpchannel.internal.WorkQueueManager.attemptIO(WorkQueueManager.java:586)
	at com.ibm.ws.tcpchannel.internal.WorkQueueManager.workerRun(WorkQueueManager.java:970)
	at com.ibm.ws.tcpchannel.internal.WorkQueueManager$Worker.run(WorkQueueManager.java:1059)
	at com.ibm.ws.threading.internal.ExecutorServiceImpl$RunnableWrapper.run(ExecutorServiceImpl.java:280)
	at java.base/java.util.concurrent.ThreadPoolExecutor.runWorker(ThreadPoolExecutor.java:1136)
	at java.base/java.util.concurrent.ThreadPoolExecutor$Worker.run(ThreadPoolExecutor.java:635)
	at java.base/java.lang.Thread.run(Thread.java:857)

[7/18/24, 15:50:15:505 UTC] 000000a8 com.ibm.j2ca.RAIMSTM                                         E ICO0080E: com.ibm.connector2.ims.ico.IMSTCPIPManagedConnection@cdbe570f.processOutputOTMAMsg(byte[], IMSInteractionSpec, int) error. Execution timeout has occurred for this interaction. The executionTimeout was [0] milliseconds.  The IMS Connect TIMEOUT was used.
javax.resource.spi.EISSystemException: ICO0080E: com.ibm.connector2.ims.ico.IMSTCPIPManagedConnection@cdbe570f.processOutputOTMAMsg(byte[], IMSInteractionSpec, int) error. Execution timeout has occurred for this interaction. The executionTimeout was [0] milliseconds.  The IMS Connect TIMEOUT was used.
	at com.ibm.connector2.ims.ico.IMSManagedConnection.processOutputOTMAMsg(IMSManagedConnection.java:4042)
	at com.ibm.connector2.ims.ico.IMSTCPIPManagedConnection.callSendRecv(IMSTCPIPManagedConnection.java:241)
	at com.ibm.connector2.ims.ico.IMSManagedConnection.call(IMSManagedConnection.java:1625)
	at com.ibm.connector2.ims.ico.IMSConnection.call(IMSConnection.java:213)
	at com.ibm.connector2.ims.ico.IMSInteraction.execute(IMSInteraction.java:586)
	at com.ibm.zosconnect.zosasset.ims.internal.ImsZosAsset.flowRequest(ImsZosAsset.java:291)
	at com.ibm.zosconnect.zosasset.ims.internal.ImsTranZosAsset.invoke(ImsTranZosAsset.java:90)
	at com.ibm.zosconnect.engine.impl.ProviderInvokeOperationImpl.invokeEndpoint(ProviderInvokeOperationImpl.java:384)
	at com.ibm.zosconnect.engine.impl.ProviderInvokeOperationImpl.processOperation(ProviderInvokeOperationImpl.java:151)
	at com.ibm.zosconnect.engine.impl.ProviderInvokeOperationImpl$Proxy$_$$_WeldClientProxy.processOperation(Unknown Source)
	at com.ibm.zosconnect.api.PhonebookApi.phonebookContactsLastNameGet(PhonebookApi.java:97)
	at com.ibm.zosconnect.api.PhonebookApi$Proxy$_$$_WeldSubclass.phonebookContactsLastNameGet$$super(Unknown Source)
	at java.base/jdk.internal.reflect.NativeMethodAccessorImpl.invoke0(Native Method)
	at java.base/jdk.internal.reflect.NativeMethodAccessorImpl.invoke(NativeMethodAccessorImpl.java:77)
	at java.base/jdk.internal.reflect.DelegatingMethodAccessorImpl.invoke(DelegatingMethodAccessorImpl.java:43)
	at java.base/java.lang.reflect.Method.invoke(Method.java:574)
	at org.jboss.weld.interceptor.proxy.TerminalAroundInvokeInvocationContext.proceedInternal(TerminalAroundInvokeInvocationContext.java:51)
	at org.jboss.weld.interceptor.proxy.AroundInvokeInvocationContext.proceed(AroundInvokeInvocationContext.java:78)
	at io.openliberty.microprofile.metrics.internal.cdi30.interceptors.SimplyTimedInterceptor.simplyTimedCallable(SimplyTimedInterceptor.java:101)
	at io.openliberty.microprofile.metrics.internal.cdi30.interceptors.SimplyTimedInterceptor.timedMethod(SimplyTimedInterceptor.java:74)
	at java.base/jdk.internal.reflect.NativeMethodAccessorImpl.invoke0(Native Method)
	at java.base/jdk.internal.reflect.NativeMethodAccessorImpl.invoke(NativeMethodAccessorImpl.java:77)
	at java.base/jdk.internal.reflect.DelegatingMethodAccessorImpl.invoke(DelegatingMethodAccessorImpl.java:43)
	at java.base/java.lang.reflect.Method.invoke(Method.java:574)
	at org.jboss.weld.interceptor.reader.SimpleInterceptorInvocation$SimpleMethodInvocation.invoke(SimpleInterceptorInvocation.java:73)
	at org.jboss.weld.interceptor.proxy.NonTerminalAroundInvokeInvocationContext.proceedInternal(NonTerminalAroundInvokeInvocationContext.java:66)
	at org.jboss.weld.interceptor.proxy.AroundInvokeInvocationContext.proceed(AroundInvokeInvocationContext.java:78)
	at io.openliberty.microprofile.metrics.internal.cdi30.interceptors.CountedInterceptor.countedCallable(CountedInterceptor.java:99)
	at io.openliberty.microprofile.metrics.internal.cdi30.interceptors.CountedInterceptor.countedMethod(CountedInterceptor.java:74)
	at java.base/jdk.internal.reflect.NativeMethodAccessorImpl.invoke0(Native Method)
	at java.base/jdk.internal.reflect.NativeMethodAccessorImpl.invoke(NativeMethodAccessorImpl.java:77)
	at java.base/jdk.internal.reflect.DelegatingMethodAccessorImpl.invoke(DelegatingMethodAccessorImpl.java:43)
	at java.base/java.lang.reflect.Method.invoke(Method.java:574)
	at org.jboss.weld.interceptor.reader.SimpleInterceptorInvocation$SimpleMethodInvocation.invoke(SimpleInterceptorInvocation.java:73)
	at org.jboss.weld.interceptor.proxy.InterceptorMethodHandler.executeAroundInvoke(InterceptorMethodHandler.java:84)
	at org.jboss.weld.interceptor.proxy.InterceptorMethodHandler.executeInterception(InterceptorMethodHandler.java:72)
	at org.jboss.weld.interceptor.proxy.InterceptorMethodHandler.invoke(InterceptorMethodHandler.java:56)
	at org.jboss.weld.bean.proxy.CombinedInterceptorAndDecoratorStackMethodHandler.invoke(CombinedInterceptorAndDecoratorStackMethodHandler.java:79)
	at org.jboss.weld.bean.proxy.CombinedInterceptorAndDecoratorStackMethodHandler.invoke(CombinedInterceptorAndDecoratorStackMethodHandler.java:68)
	at com.ibm.zosconnect.api.PhonebookApi$Proxy$_$$_WeldSubclass.phonebookContactsLastNameGet(Unknown Source)
	at com.ibm.zosconnect.api.PhonebookApi$Proxy$_$$_WeldClientProxy.phonebookContactsLastNameGet(Unknown Source)
	at java.base/jdk.internal.reflect.NativeMethodAccessorImpl.invoke0(Native Method)
	at java.base/jdk.internal.reflect.NativeMethodAccessorImpl.invoke(NativeMethodAccessorImpl.java:77)
	at java.base/jdk.internal.reflect.DelegatingMethodAccessorImpl.invoke(DelegatingMethodAccessorImpl.java:43)
	at java.base/java.lang.reflect.Method.invoke(Method.java:574)
	at com.ibm.ws.jaxrs20.cdi.component.JaxRsFactoryImplicitBeanCDICustomizer.serviceInvoke(JaxRsFactoryImplicitBeanCDICustomizer.java:352)
	at com.ibm.ws.jaxrs20.server.LibertyJaxRsServerFactoryBean.performInvocation(LibertyJaxRsServerFactoryBean.java:642)
	at com.ibm.ws.jaxrs20.server.LibertyJaxRsInvoker.performInvocation(LibertyJaxRsInvoker.java:161)
	at org.apache.cxf.service.invoker.AbstractInvoker.invoke(AbstractInvoker.java:101)
	at com.ibm.ws.jaxrs20.server.LibertyJaxRsInvoker.invoke(LibertyJaxRsInvoker.java:276)
	at org.apache.cxf.jaxrs.JAXRSInvoker.invoke(JAXRSInvoker.java:213)
	at com.ibm.ws.jaxrs20.server.LibertyJaxRsInvoker.invoke(LibertyJaxRsInvoker.java:460)
	at org.apache.cxf.jaxrs.JAXRSInvoker.invoke(JAXRSInvoker.java:112)
	at org.apache.cxf.interceptor.ServiceInvokerInterceptor$1.run(ServiceInvokerInterceptor.java:69)
	at org.apache.cxf.interceptor.ServiceInvokerInterceptor.handleMessage(ServiceInvokerInterceptor.java:120)
	at org.apache.cxf.phase.PhaseInterceptorChain.doIntercept(PhaseInterceptorChain.java:325)
	at org.apache.cxf.transport.ChainInitiationObserver.onMessage(ChainInitiationObserver.java:129)
	at org.apache.cxf.transport.http.AbstractHTTPDestination.invoke(AbstractHTTPDestination.java:278)
	at com.ibm.ws.jaxrs20.endpoint.AbstractJaxRsWebEndpoint.invoke(AbstractJaxRsWebEndpoint.java:139)
	at com.ibm.websphere.jaxrs.server.IBMRestServlet.handleRequest(IBMRestServlet.java:148)
	at com.ibm.websphere.jaxrs.server.IBMRestServlet.doGet(IBMRestServlet.java:114)
	at javax.servlet.http.HttpServlet.service(HttpServlet.java:686)
	at com.ibm.websphere.jaxrs.server.IBMRestServlet.service(IBMRestServlet.java:98)
	at com.ibm.ws.webcontainer.servlet.ServletWrapper.service(ServletWrapper.java:1260)
	at com.ibm.ws.webcontainer.servlet.ServletWrapper.handleRequest(ServletWrapper.java:748)
	at com.ibm.ws.webcontainer.servlet.ServletWrapper.handleRequest(ServletWrapper.java:445)
	at com.ibm.ws.webcontainer.filter.WebAppFilterChain.invokeTarget(WebAppFilterChain.java:197)
	at com.ibm.ws.webcontainer.filter.WebAppFilterChain.doFilter(WebAppFilterChain.java:100)
	at com.ibm.zosconnect.provider.ApiFilter.doFilter(ApiFilter.java:44)
	at com.ibm.ws.webcontainer.filter.FilterInstanceWrapper.doFilter(FilterInstanceWrapper.java:203)
	at com.ibm.ws.webcontainer.filter.WebAppFilterChain.doFilter(WebAppFilterChain.java:93)
	at com.ibm.ws.webcontainer.filter.WebAppFilterManager.doFilter(WebAppFilterManager.java:1068)
	at com.ibm.ws.webcontainer.filter.WebAppFilterManager.invokeFilters(WebAppFilterManager.java:1259)
	at com.ibm.ws.webcontainer.webapp.WebApp.handleRequest(WebApp.java:5095)
	at com.ibm.ws.webcontainer.osgi.DynamicVirtualHost$2.handleRequest(DynamicVirtualHost.java:328)
	at com.ibm.ws.webcontainer.WebContainer.handleRequest(WebContainer.java:1038)
	at com.ibm.ws.webcontainer.osgi.DynamicVirtualHost$2.run(DynamicVirtualHost.java:293)
	at com.ibm.ws.http.dispatcher.internal.channel.HttpDispatcherLink$TaskWrapper.run(HttpDispatcherLink.java:1260)
	at com.ibm.ws.http.dispatcher.internal.channel.HttpDispatcherLink.wrapHandlerAndExecute(HttpDispatcherLink.java:476)
	at com.ibm.ws.http.dispatcher.internal.channel.HttpDispatcherLink.ready(HttpDispatcherLink.java:435)
	at com.ibm.ws.http.channel.internal.inbound.HttpInboundLink.handleDiscrimination(HttpInboundLink.java:569)
	at com.ibm.ws.http.channel.internal.inbound.HttpInboundLink.handleNewRequest(HttpInboundLink.java:503)
	at com.ibm.ws.http.channel.internal.inbound.HttpInboundLink.processRequest(HttpInboundLink.java:363)
	at com.ibm.ws.http.channel.internal.inbound.HttpICLReadCallback.complete(HttpICLReadCallback.java:72)
	at com.ibm.ws.tcpchannel.internal.WorkQueueManager.requestComplete(WorkQueueManager.java:516)
	at com.ibm.ws.tcpchannel.internal.WorkQueueManager.attemptIO(WorkQueueManager.java:586)
	at com.ibm.ws.tcpchannel.internal.WorkQueueManager.workerRun(WorkQueueManager.java:970)
	at com.ibm.ws.tcpchannel.internal.WorkQueueManager$Worker.run(WorkQueueManager.java:1059)
	at com.ibm.ws.threading.internal.ExecutorServiceImpl$RunnableWrapper.run(ExecutorServiceImpl.java:280)
	at java.base/java.util.concurrent.ThreadPoolExecutor.runWorker(ThreadPoolExecutor.java:1136)
	at java.base/java.util.concurrent.ThreadPoolExecutor$Worker.run(ThreadPoolExecutor.java:635)
	at java.base/java.lang.Thread.run(Thread.java:857)

javax.resource.spi.EISSystemException: ICO0080E: com.ibm.connector2.ims.ico.IMSTCPIPManagedConnection@cdbe570f.processOutputOTMAMsg(byte[], IMSInteractionSpec, int) error. Execution timeout has occurred for this interaction. The executionTimeout was [0] milliseconds.  The IMS Connect TIMEOUT was used.
	at com.ibm.connector2.ims.ico.IMSManagedConnection.processOutputOTMAMsg(IMSManagedConnection.java:4042)
	at com.ibm.connector2.ims.ico.IMSTCPIPManagedConnection.callSendRecv(IMSTCPIPManagedConnection.java:241)
	at com.ibm.connector2.ims.ico.IMSManagedConnection.call(IMSManagedConnection.java:1625)
	at com.ibm.connector2.ims.ico.IMSConnection.call(IMSConnection.java:213)
	at com.ibm.connector2.ims.ico.IMSInteraction.execute(IMSInteraction.java:586)
	at com.ibm.zosconnect.zosasset.ims.internal.ImsZosAsset.flowRequest(ImsZosAsset.java:291)
	at com.ibm.zosconnect.zosasset.ims.internal.ImsTranZosAsset.invoke(ImsTranZosAsset.java:90)
	at com.ibm.zosconnect.engine.impl.ProviderInvokeOperationImpl.invokeEndpoint(ProviderInvokeOperationImpl.java:384)
	at com.ibm.zosconnect.engine.impl.ProviderInvokeOperationImpl.processOperation(ProviderInvokeOperationImpl.java:151)
	at com.ibm.zosconnect.engine.impl.ProviderInvokeOperationImpl$Proxy$_$$_WeldClientProxy.processOperation(Unknown Source)
	at com.ibm.zosconnect.api.PhonebookApi.phonebookContactsLastNameGet(PhonebookApi.java:97)
	at com.ibm.zosconnect.api.PhonebookApi$Proxy$_$$_WeldSubclass.phonebookContactsLastNameGet$$super(Unknown Source)
	at java.base/jdk.internal.reflect.NativeMethodAccessorImpl.invoke0(Native Method)
	at java.base/jdk.internal.reflect.NativeMethodAccessorImpl.invoke(NativeMethodAccessorImpl.java:77)
	at java.base/jdk.internal.reflect.DelegatingMethodAccessorImpl.invoke(DelegatingMethodAccessorImpl.java:43)
	at java.base/java.lang.reflect.Method.invoke(Method.java:574)
	at org.jboss.weld.interceptor.proxy.TerminalAroundInvokeInvocationContext.proceedInternal(TerminalAroundInvokeInvocationContext.java:51)
	at org.jboss.weld.interceptor.proxy.AroundInvokeInvocationContext.proceed(AroundInvokeInvocationContext.java:78)
	at io.openliberty.microprofile.metrics.internal.cdi30.interceptors.SimplyTimedInterceptor.simplyTimedCallable(SimplyTimedInterceptor.java:101)
	at io.openliberty.microprofile.metrics.internal.cdi30.interceptors.SimplyTimedInterceptor.timedMethod(SimplyTimedInterceptor.java:74)
	at java.base/jdk.internal.reflect.NativeMethodAccessorImpl.invoke0(Native Method)
	at java.base/jdk.internal.reflect.NativeMethodAccessorImpl.invoke(NativeMethodAccessorImpl.java:77)
	at java.base/jdk.internal.reflect.DelegatingMethodAccessorImpl.invoke(DelegatingMethodAccessorImpl.java:43)
	at java.base/java.lang.reflect.Method.invoke(Method.java:574)
	at org.jboss.weld.interceptor.reader.SimpleInterceptorInvocation$SimpleMethodInvocation.invoke(SimpleInterceptorInvocation.java:73)
	at org.jboss.weld.interceptor.proxy.NonTerminalAroundInvokeInvocationContext.proceedInternal(NonTerminalAroundInvokeInvocationContext.java:66)
	at org.jboss.weld.interceptor.proxy.AroundInvokeInvocationContext.proceed(AroundInvokeInvocationContext.java:78)
	at io.openliberty.microprofile.metrics.internal.cdi30.interceptors.CountedInterceptor.countedCallable(CountedInterceptor.java:99)
	at io.openliberty.microprofile.metrics.internal.cdi30.interceptors.CountedInterceptor.countedMethod(CountedInterceptor.java:74)
	at java.base/jdk.internal.reflect.NativeMethodAccessorImpl.invoke0(Native Method)
	at java.base/jdk.internal.reflect.NativeMethodAccessorImpl.invoke(NativeMethodAccessorImpl.java:77)
	at java.base/jdk.internal.reflect.DelegatingMethodAccessorImpl.invoke(DelegatingMethodAccessorImpl.java:43)
	at java.base/java.lang.reflect.Method.invoke(Method.java:574)
	at org.jboss.weld.interceptor.reader.SimpleInterceptorInvocation$SimpleMethodInvocation.invoke(SimpleInterceptorInvocation.java:73)
	at org.jboss.weld.interceptor.proxy.InterceptorMethodHandler.executeAroundInvoke(InterceptorMethodHandler.java:84)
	at org.jboss.weld.interceptor.proxy.InterceptorMethodHandler.executeInterception(InterceptorMethodHandler.java:72)
	at org.jboss.weld.interceptor.proxy.InterceptorMethodHandler.invoke(InterceptorMethodHandler.java:56)
	at org.jboss.weld.bean.proxy.CombinedInterceptorAndDecoratorStackMethodHandler.invoke(CombinedInterceptorAndDecoratorStackMethodHandler.java:79)
	at org.jboss.weld.bean.proxy.CombinedInterceptorAndDecoratorStackMethodHandler.invoke(CombinedInterceptorAndDecoratorStackMethodHandler.java:68)
	at com.ibm.zosconnect.api.PhonebookApi$Proxy$_$$_WeldSubclass.phonebookContactsLastNameGet(Unknown Source)
	at com.ibm.zosconnect.api.PhonebookApi$Proxy$_$$_WeldClientProxy.phonebookContactsLastNameGet(Unknown Source)
	at java.base/jdk.internal.reflect.NativeMethodAccessorImpl.invoke0(Native Method)
	at java.base/jdk.internal.reflect.NativeMethodAccessorImpl.invoke(NativeMethodAccessorImpl.java:77)
	at java.base/jdk.internal.reflect.DelegatingMethodAccessorImpl.invoke(DelegatingMethodAccessorImpl.java:43)
	at java.base/java.lang.reflect.Method.invoke(Method.java:574)
	at com.ibm.ws.jaxrs20.cdi.component.JaxRsFactoryImplicitBeanCDICustomizer.serviceInvoke(JaxRsFactoryImplicitBeanCDICustomizer.java:352)
	at com.ibm.ws.jaxrs20.server.LibertyJaxRsServerFactoryBean.performInvocation(LibertyJaxRsServerFactoryBean.java:642)
	at com.ibm.ws.jaxrs20.server.LibertyJaxRsInvoker.performInvocation(LibertyJaxRsInvoker.java:161)
	at org.apache.cxf.service.invoker.AbstractInvoker.invoke(AbstractInvoker.java:101)
	at com.ibm.ws.jaxrs20.server.LibertyJaxRsInvoker.invoke(LibertyJaxRsInvoker.java:276)
	at org.apache.cxf.jaxrs.JAXRSInvoker.invoke(JAXRSInvoker.java:213)
	at com.ibm.ws.jaxrs20.server.LibertyJaxRsInvoker.invoke(LibertyJaxRsInvoker.java:460)
	at org.apache.cxf.jaxrs.JAXRSInvoker.invoke(JAXRSInvoker.java:112)
	at org.apache.cxf.interceptor.ServiceInvokerInterceptor$1.run(ServiceInvokerInterceptor.java:69)
	at org.apache.cxf.interceptor.ServiceInvokerInterceptor.handleMessage(ServiceInvokerInterceptor.java:120)
	at org.apache.cxf.phase.PhaseInterceptorChain.doIntercept(PhaseInterceptorChain.java:325)
	at org.apache.cxf.transport.ChainInitiationObserver.onMessage(ChainInitiationObserver.java:129)
	at org.apache.cxf.transport.http.AbstractHTTPDestination.invoke(AbstractHTTPDestination.java:278)
	at com.ibm.ws.jaxrs20.endpoint.AbstractJaxRsWebEndpoint.invoke(AbstractJaxRsWebEndpoint.java:139)
	at com.ibm.websphere.jaxrs.server.IBMRestServlet.handleRequest(IBMRestServlet.java:148)
	at com.ibm.websphere.jaxrs.server.IBMRestServlet.doGet(IBMRestServlet.java:114)
	at javax.servlet.http.HttpServlet.service(HttpServlet.java:686)
	at com.ibm.websphere.jaxrs.server.IBMRestServlet.service(IBMRestServlet.java:98)
	at com.ibm.ws.webcontainer.servlet.ServletWrapper.service(ServletWrapper.java:1260)
	at com.ibm.ws.webcontainer.servlet.ServletWrapper.handleRequest(ServletWrapper.java:748)
	at com.ibm.ws.webcontainer.servlet.ServletWrapper.handleRequest(ServletWrapper.java:445)
	at com.ibm.ws.webcontainer.filter.WebAppFilterChain.invokeTarget(WebAppFilterChain.java:197)
	at com.ibm.ws.webcontainer.filter.WebAppFilterChain.doFilter(WebAppFilterChain.java:100)
	at com.ibm.zosconnect.provider.ApiFilter.doFilter(ApiFilter.java:44)
	at com.ibm.ws.webcontainer.filter.FilterInstanceWrapper.doFilter(FilterInstanceWrapper.java:203)
	at com.ibm.ws.webcontainer.filter.WebAppFilterChain.doFilter(WebAppFilterChain.java:93)
	at com.ibm.ws.webcontainer.filter.WebAppFilterManager.doFilter(WebAppFilterManager.java:1068)
	at com.ibm.ws.webcontainer.filter.WebAppFilterManager.invokeFilters(WebAppFilterManager.java:1259)
	at com.ibm.ws.webcontainer.webapp.WebApp.handleRequest(WebApp.java:5095)
	at com.ibm.ws.webcontainer.osgi.DynamicVirtualHost$2.handleRequest(DynamicVirtualHost.java:328)
	at com.ibm.ws.webcontainer.WebContainer.handleRequest(WebContainer.java:1038)
	at com.ibm.ws.webcontainer.osgi.DynamicVirtualHost$2.run(DynamicVirtualHost.java:293)
	at com.ibm.ws.http.dispatcher.internal.channel.HttpDispatcherLink$TaskWrapper.run(HttpDispatcherLink.java:1260)
	at com.ibm.ws.http.dispatcher.internal.channel.HttpDispatcherLink.wrapHandlerAndExecute(HttpDispatcherLink.java:476)
	at com.ibm.ws.http.dispatcher.internal.channel.HttpDispatcherLink.ready(HttpDispatcherLink.java:435)
	at com.ibm.ws.http.channel.internal.inbound.HttpInboundLink.handleDiscrimination(HttpInboundLink.java:569)
	at com.ibm.ws.http.channel.internal.inbound.HttpInboundLink.handleNewRequest(HttpInboundLink.java:503)
	at com.ibm.ws.http.channel.internal.inbound.HttpInboundLink.processRequest(HttpInboundLink.java:363)
	at com.ibm.ws.http.channel.internal.inbound.HttpICLReadCallback.complete(HttpICLReadCallback.java:72)
	at com.ibm.ws.tcpchannel.internal.WorkQueueManager.requestComplete(WorkQueueManager.java:516)
	at com.ibm.ws.tcpchannel.internal.WorkQueueManager.attemptIO(WorkQueueManager.java:586)
	at com.ibm.ws.tcpchannel.internal.WorkQueueManager.workerRun(WorkQueueManager.java:970)
	at com.ibm.ws.tcpchannel.internal.WorkQueueManager$Worker.run(WorkQueueManager.java:1059)
	at com.ibm.ws.threading.internal.ExecutorServiceImpl$RunnableWrapper.run(ExecutorServiceImpl.java:280)
	at java.base/java.util.concurrent.ThreadPoolExecutor.runWorker(ThreadPoolExecutor.java:1136)
	at java.base/java.util.concurrent.ThreadPoolExecutor$Worker.run(ThreadPoolExecutor.java:635)
	at java.base/java.lang.Thread.run(Thread.java:857)

[7/18/24, 15:50:15:819 UTC] 000000a8 com.ibm.ws.logging.internal.impl.IncidentImpl                I FFDC1015I: An FFDC Incident has been created: "javax.resource.spi.EISSystemException: ICO0080E: com.ibm.connector2.ims.ico.IMSTCPIPManagedConnection@cdbe570f.processOutputOTMAMsg(byte[], IMSInteractionSpec, int) error. Execution timeout has occurred for this interaction. The executionTimeout was [0] milliseconds.  The IMS Connect TIMEOUT was used. com.ibm.zosconnect.zosasset.ims.internal.ImsTranZosAsset 221" at ffdc_24.07.18_15.50.15.0.log
[7/18/24, 15:56:23:524 UTC] 0000004e com.ibm.ws.config.xml.internal.ConfigRefresher               A CWWKG0016I: Starting server configuration update.
[7/18/24, 15:56:23:525 UTC] 0000004e com.ibm.ws.config.xml.internal.ServerXMLConfiguration        A CWWKG0093A: Processing configuration drop-ins resource: /opt/ibm/wlp/usr/servers/defaultServer/configDropins/defaults/keystore.xml
[7/18/24, 15:56:23:526 UTC] 0000004e com.ibm.ws.config.xml.internal.ServerXMLConfiguration        A CWWKG0093A: Processing configuration drop-ins resource: /opt/ibm/wlp/usr/servers/defaultServer/configDropins/overrides/cics.xml
[7/18/24, 15:56:23:527 UTC] 0000004e com.ibm.ws.config.xml.internal.ServerXMLConfiguration        A CWWKG0093A: Processing configuration drop-ins resource: /opt/ibm/wlp/usr/servers/defaultServer/configDropins/overrides/db2.xml
[7/18/24, 15:56:23:528 UTC] 0000004e com.ibm.ws.config.xml.internal.ServerXMLConfiguration        A CWWKG0093A: Processing configuration drop-ins resource: /opt/ibm/wlp/usr/servers/defaultServer/configDropins/overrides/http-ssl-endpoint.xml
[7/18/24, 15:56:23:529 UTC] 0000004e com.ibm.ws.config.xml.internal.ServerXMLConfiguration        A CWWKG0093A: Processing configuration drop-ins resource: /opt/ibm/wlp/usr/servers/defaultServer/configDropins/overrides/ims.xml
[7/18/24, 15:56:23:530 UTC] 0000004e com.ibm.ws.config.xml.internal.ServerXMLConfiguration        A CWWKG0093A: Processing configuration drop-ins resource: /opt/ibm/wlp/usr/servers/defaultServer/configDropins/overrides/server.xml
[7/18/24, 15:56:23:531 UTC] 0000004e com.ibm.ws.config.xml.internal.ServerXMLConfiguration        A CWWKG0093A: Processing configuration drop-ins resource: /opt/ibm/wlp/usr/servers/defaultServer/configDropins/overrides/tls.xml
[7/18/24, 15:56:23:549 UTC] 0000004e com.ibm.ws.config.xml.internal.ConfigRefresher               A CWWKG0017I: The server configuration was successfully updated in 0.025 seconds.
[7/18/24, 15:56:24:488 UTC] 000000b8 com.ibm.ws.http.internal.VirtualHostImpl                     A CWWKT0017I: Web application removed (default_host): http://e38928a2ee41:9080/
[7/18/24, 15:56:24:496 UTC] 000000b8 com.ibm.ws.webcontainer.servlet                              I SRVE0253I: [api] [/] [Phonebook]: Destroy successful.
[7/18/24, 15:56:24:566 UTC] 000000b8 com.ibm.ws.app.manager.AppMessageHelper                      A CWWKZ0009I: The application api has stopped successfully.
[7/18/24, 15:56:24:625 UTC] 000000ac com.ibm.ws.webcontainer.osgi.mbeans.PluginGenerator          I SRVE9103I: A configuration file for a web server plugin was automatically generated for this server at /opt/ibm/wlp/output/defaultServer/logs/state/plugin-cfg.xml.
[7/18/24, 15:56:26:512 UTC] 00000026 com.ibm.ws.kernel.launch.internal.FrameworkManager           A CWWKE0085I: The server defaultServer is stopping because the JVM is exiting.
[7/18/24, 15:56:26:515 UTC] 000000c6 com.ibm.ws.runtime.update.internal.RuntimeUpdateManagerImpl  A CWWKE1100I: Waiting for up to 30 seconds for the server to quiesce.
[7/18/24, 15:56:26:519 UTC] 000000ba com.ibm.ws.tcpchannel.internal.TCPChannel                    I CWWKO0220I: TCP Channel defaultHttpEndpoint has stopped listening for requests on host *  (IPv4) port 9080.
[7/18/24, 15:56:26:521 UTC] 00000051 com.ibm.ws.tcpchannel.internal.TCPChannel                    I CWWKO0220I: TCP Channel defaultHttpEndpoint-ssl has stopped listening for requests on host *  (IPv4) port 9443.
[7/18/24, 15:56:26:522 UTC] 00000051 com.ibm.ws.http.internal.VirtualHostImpl                     A CWWKT0017I: Web application removed (default_host): https://e38928a2ee41:9443/jwt/
[7/18/24, 15:56:26:523 UTC] 00000051 com.ibm.ws.http.internal.VirtualHostImpl                     A CWWKT0017I: Web application removed (default_host): https://e38928a2ee41:9443/zosConnect/designer/api/
[7/18/24, 15:56:26:523 UTC] 00000051 com.ibm.ws.http.internal.VirtualHostImpl                     A CWWKT0017I: Web application removed (default_host): https://e38928a2ee41:9443/zosConnect/designer/api/zosAssetProvider/db2-1.0/
[7/18/24, 15:56:26:524 UTC] 00000051 com.ibm.ws.http.internal.VirtualHostImpl                     A CWWKT0017I: Web application removed (default_host): https://e38928a2ee41:9443/openapi/ui/
[7/18/24, 15:56:26:524 UTC] 00000051 com.ibm.ws.http.internal.VirtualHostImpl                     A CWWKT0017I: Web application removed (default_host): https://e38928a2ee41:9443/health/
[7/18/24, 15:56:26:525 UTC] 00000051 com.ibm.ws.http.internal.VirtualHostImpl                     A CWWKT0017I: Web application removed (default_host): https://e38928a2ee41:9443/metrics/
[7/18/24, 15:56:26:525 UTC] 00000051 com.ibm.ws.http.internal.VirtualHostImpl                     A CWWKT0017I: Web application removed (default_host): https://e38928a2ee41:9443/zosConnect/designer/api/zosAssetProvider/cics-1.0/
[7/18/24, 15:56:26:526 UTC] 00000051 com.ibm.ws.http.internal.VirtualHostImpl                     A CWWKT0017I: Web application removed (default_host): https://e38928a2ee41:9443/zosConnect/designer/api/zosAssetProvider/ims-1.0/
[7/18/24, 15:56:26:526 UTC] 00000051 com.ibm.ws.http.internal.VirtualHostImpl                     A CWWKT0017I: Web application removed (default_host): https://e38928a2ee41:9443/zosConnect/designer/
[7/18/24, 15:56:26:527 UTC] 00000051 com.ibm.ws.http.internal.VirtualHostImpl                     A CWWKT0017I: Web application removed (default_host): https://e38928a2ee41:9443/ibm/api/
[7/18/24, 15:56:26:527 UTC] 00000051 com.ibm.ws.http.internal.VirtualHostImpl                     A CWWKT0017I: Web application removed (default_host): https://e38928a2ee41:9443/openapi/
[7/18/24, 15:56:27:530 UTC] 000000c6 com.ibm.ws.runtime.update.internal.RuntimeUpdateManagerImpl  I CWWKE1101I: Server quiesce complete.
[7/18/24, 15:56:27:570 UTC] 000000b8 com.ibm.ws.app.manager.AppMessageHelper                      A CWWKZ0009I: The application zosconnect-ui has stopped successfully.
[7/18/24, 15:56:27:573 UTC] 00000037 om.ibm.ws.app.manager.rar.internal.RARApplicationHandlerImpl A J2CA7009I: The resource adapter gmoa has uninstalled successfully.
[7/18/24, 15:56:27:576 UTC] 0000003b com.ibm.ws.app.manager.AppMessageHelper                      A CWWKZ0009I: The application zosconnect-ui-backend-db2 has stopped successfully.
[7/18/24, 15:56:27:576 UTC] 0000004e com.ibm.ws.app.manager.AppMessageHelper                      A CWWKZ0009I: The application zosconnect-ui-backend-cics has stopped successfully.
[7/18/24, 15:56:27:578 UTC] 000000a8 com.ibm.ws.app.manager.AppMessageHelper                      A CWWKZ0009I: The application zosconnect-ui-backend-ims has stopped successfully.
[7/18/24, 15:56:27:589 UTC] 000000b5 com.ibm.ws.app.manager.AppMessageHelper                      A CWWKZ0009I: The application zosconnect-ui-backend has stopped successfully.
[7/18/24, 15:56:27:997 UTC] 000000c6 com.ibm.tx.jta.impl.FailureScopeController                   A WTRN0105I: The transaction service has shutdown successfully with no transactions requiring recovery.
[7/18/24, 15:56:28:054 UTC] 000000c6 .microprofile.metrics.internal.monitor.MonitorMetricsHandler I CWPMI2004I: All monitoring metrics were unregistered from mpMetrics.
[7/18/24, 15:56:28:233 UTC] 000000c6 com.ibm.ws.security.audit.file.AuditFileHandler              I CWWKS5806I: The audit file handler service has stopped.
[7/18/24, 15:56:28:235 UTC] 000000c6 com.ibm.ws.security.audit.source.AuditServiceImpl            I CWWKS5852I: The audit service has stopped.
[7/18/24, 15:56:28:332 UTC] 000000c6 com.ibm.ws.security.ready.internal.SecurityReadyServiceImpl  I CWWKS0009I: The security service has stopped.
[7/18/24, 15:56:28:341 UTC] 000000c6 ibm.ws.security.authentication.internal.jaas.JAASServiceImpl I CWWKS1124I: The collective authentication plugin with class name NullCollectiveAuthenticationPlugin has been deactivated. 
[7/18/24, 15:56:29:673 UTC] 00000001 com.ibm.ws.kernel.launch.internal.FrameworkManager           A CWWKE0036I: The server defaultServer stopped after 10 minutes, 17.565 seconds.
